ARM GAS  C:\Users\YongY\AppData\Local\Temp\ccWvGtHV.s 			page 1


   1              		.syntax unified
   2              		.cpu cortex-m3
   3              		.fpu softvfp
   4              		.eabi_attribute 20, 1
   5              		.eabi_attribute 21, 1
   6              		.eabi_attribute 23, 3
   7              		.eabi_attribute 24, 1
   8              		.eabi_attribute 25, 1
   9              		.eabi_attribute 26, 1
  10              		.eabi_attribute 30, 1
  11              		.eabi_attribute 34, 1
  12              		.eabi_attribute 18, 4
  13              		.thumb
  14              		.file	"GUI_X.c"
  15              		.text
  16              	.Ltext0:
  17              		.cfi_sections	.debug_frame
  18              		.section	.text.GUI_X_Systick_Intr,"ax",%progbits
  19              		.align	2
  20              		.global	GUI_X_Systick_Intr
  21              		.thumb
  22              		.thumb_func
  23              		.type	GUI_X_Systick_Intr, %function
  24              	GUI_X_Systick_Intr:
  25              	.LFB70:
  26              		.file 1 ".\\GUI_X.c"
   1:.\GUI_X.c     **** /*********************************************************************
   2:.\GUI_X.c     **** *                SEGGER Microcontroller GmbH & Co. KG                *
   3:.\GUI_X.c     **** *        Solutions for real time microcontroller applications        *
   4:.\GUI_X.c     **** **********************************************************************
   5:.\GUI_X.c     **** *                                                                    *
   6:.\GUI_X.c     **** *        (c) 1996 - 2017  SEGGER Microcontroller GmbH & Co. KG       *
   7:.\GUI_X.c     **** *                                                                    *
   8:.\GUI_X.c     **** *        Internet: www.segger.com    Support:  support@segger.com    *
   9:.\GUI_X.c     **** *                                                                    *
  10:.\GUI_X.c     **** **********************************************************************
  11:.\GUI_X.c     **** 
  12:.\GUI_X.c     **** ** emWin V5.46 - Graphical user interface for embedded applications **
  13:.\GUI_X.c     **** All  Intellectual Property rights  in the Software belongs to  SEGGER.
  14:.\GUI_X.c     **** emWin is protected by  international copyright laws.  Knowledge of the
  15:.\GUI_X.c     **** source code may not be used to write a similar product.  This file may
  16:.\GUI_X.c     **** only be used in accordance with the following terms:
  17:.\GUI_X.c     **** 
  18:.\GUI_X.c     **** The software  has been licensed to  Cypress Semiconductor Corporation,
  19:.\GUI_X.c     **** whose registered  office is situated  at 198 Champion Ct. San Jose, CA 
  20:.\GUI_X.c     **** 95134 USA  solely for the  purposes of creating  libraries for Cypress
  21:.\GUI_X.c     **** PSoC3 and  PSoC5 processor-based devices,  sublicensed and distributed
  22:.\GUI_X.c     **** under  the  terms  and  conditions  of  the  Cypress  End User License
  23:.\GUI_X.c     **** Agreement.
  24:.\GUI_X.c     **** Full source code is available at: www.segger.com
  25:.\GUI_X.c     **** 
  26:.\GUI_X.c     **** We appreciate your understanding and fairness.
  27:.\GUI_X.c     **** ----------------------------------------------------------------------
  28:.\GUI_X.c     **** Licensing information
  29:.\GUI_X.c     **** Licensor:                 SEGGER Microcontroller Systems LLC
  30:.\GUI_X.c     **** Licensed to:              Cypress Semiconductor Corp, 198 Champion Ct., San Jose, CA 95134, USA
  31:.\GUI_X.c     **** Licensed SEGGER software: emWin
ARM GAS  C:\Users\YongY\AppData\Local\Temp\ccWvGtHV.s 			page 2


  32:.\GUI_X.c     **** License number:           GUI-00319
  33:.\GUI_X.c     **** License model:            Services and License Agreement, signed June 10th, 2009
  34:.\GUI_X.c     **** Licensed platform:        Any Cypress platform (Initial targets are: PSoC3, PSoC5)
  35:.\GUI_X.c     **** ----------------------------------------------------------------------
  36:.\GUI_X.c     **** Support and Update Agreement (SUA)
  37:.\GUI_X.c     **** SUA period:               2009-06-12 - 2022-07-27
  38:.\GUI_X.c     **** Contact to extend SUA:    sales@segger.com
  39:.\GUI_X.c     **** ----------------------------------------------------------------------
  40:.\GUI_X.c     **** File        : GUI_X.C
  41:.\GUI_X.c     **** Purpose     : Config / System dependent externals for GUI
  42:.\GUI_X.c     **** ---------------------------END-OF-HEADER------------------------------
  43:.\GUI_X.c     **** */
  44:.\GUI_X.c     **** 
  45:.\GUI_X.c     **** #include "GUI.h"
  46:.\GUI_X.c     **** 
  47:.\GUI_X.c     **** #include "project.h"
  48:.\GUI_X.c     **** 
  49:.\GUI_X.c     **** /*********************************************************************
  50:.\GUI_X.c     **** *
  51:.\GUI_X.c     **** *       Function Prototypes
  52:.\GUI_X.c     **** */
  53:.\GUI_X.c     **** void GUI_X_Systick_Init(void);
  54:.\GUI_X.c     **** 
  55:.\GUI_X.c     **** /*********************************************************************
  56:.\GUI_X.c     **** *
  57:.\GUI_X.c     **** *       Global data
  58:.\GUI_X.c     **** */
  59:.\GUI_X.c     **** volatile GUI_TIMER_TIME OS_TimeMS;
  60:.\GUI_X.c     **** 
  61:.\GUI_X.c     **** /*********************************************************************
  62:.\GUI_X.c     **** *
  63:.\GUI_X.c     **** *      Timing:
  64:.\GUI_X.c     **** *                 GUI_X_GetTime()
  65:.\GUI_X.c     **** *                 GUI_X_Delay(int)
  66:.\GUI_X.c     **** *
  67:.\GUI_X.c     **** *   Some timing dependent routines require a GetTime
  68:.\GUI_X.c     **** *   and delay function. Default time unit (tick), normally is
  69:.\GUI_X.c     **** *   1 ms.
  70:.\GUI_X.c     **** */
  71:.\GUI_X.c     **** 
  72:.\GUI_X.c     **** GUI_TIMER_TIME GUI_X_GetTime(void) { 
  73:.\GUI_X.c     ****   return OS_TimeMS; 
  74:.\GUI_X.c     **** }
  75:.\GUI_X.c     **** 
  76:.\GUI_X.c     **** void GUI_X_Delay(int ms) { 
  77:.\GUI_X.c     ****   int tEnd = OS_TimeMS + ms;
  78:.\GUI_X.c     ****   while ((tEnd - OS_TimeMS) > 0);
  79:.\GUI_X.c     **** }
  80:.\GUI_X.c     **** 
  81:.\GUI_X.c     **** /*********************************************************************
  82:.\GUI_X.c     **** *
  83:.\GUI_X.c     **** *       GUI_X_Init()
  84:.\GUI_X.c     **** *
  85:.\GUI_X.c     **** * Note:
  86:.\GUI_X.c     **** *     GUI_X_Init() is called from GUI_Init is a possibility to init
  87:.\GUI_X.c     **** *     some hardware which needs to be up and running before the GUI.
  88:.\GUI_X.c     **** */
ARM GAS  C:\Users\YongY\AppData\Local\Temp\ccWvGtHV.s 			page 3


  89:.\GUI_X.c     **** void GUI_X_Init(void) {
  90:.\GUI_X.c     ****   GUI_X_Systick_Init();
  91:.\GUI_X.c     **** }
  92:.\GUI_X.c     **** 
  93:.\GUI_X.c     **** 
  94:.\GUI_X.c     **** /*********************************************************************
  95:.\GUI_X.c     **** *
  96:.\GUI_X.c     **** *       GUI_X_ExecIdle
  97:.\GUI_X.c     **** *
  98:.\GUI_X.c     **** * Note:
  99:.\GUI_X.c     **** *  Called if WM is in idle state
 100:.\GUI_X.c     **** */
 101:.\GUI_X.c     **** void GUI_X_ExecIdle(void) {}
 102:.\GUI_X.c     **** 
 103:.\GUI_X.c     **** /*********************************************************************
 104:.\GUI_X.c     **** *
 105:.\GUI_X.c     **** *      Logging: OS dependent
 106:.\GUI_X.c     **** 
 107:.\GUI_X.c     **** Note:
 108:.\GUI_X.c     ****   Logging is used in higher debug levels only. The typical target
 109:.\GUI_X.c     ****   build does not use logging and does therefor not require any of
 110:.\GUI_X.c     ****   the logging routines below. For a release build without logging
 111:.\GUI_X.c     ****   the routines below may be eliminated to save some space.
 112:.\GUI_X.c     ****   (If the linker is not function aware and eliminates unreferenced
 113:.\GUI_X.c     ****   functions automatically)
 114:.\GUI_X.c     **** 
 115:.\GUI_X.c     **** */
 116:.\GUI_X.c     **** 
 117:.\GUI_X.c     **** void GUI_X_Log     (const char *s) { GUI_USE_PARA(s); }
 118:.\GUI_X.c     **** void GUI_X_Warn    (const char *s) { GUI_USE_PARA(s); }
 119:.\GUI_X.c     **** void GUI_X_ErrorOut(const char *s) { GUI_USE_PARA(s); }
 120:.\GUI_X.c     **** 
 121:.\GUI_X.c     **** /*********************************************************************
 122:.\GUI_X.c     **** *
 123:.\GUI_X.c     **** *         Setup Systick for timing
 124:.\GUI_X.c     **** *
 125:.\GUI_X.c     **** */
 126:.\GUI_X.c     **** /*********************************************************************
 127:.\GUI_X.c     **** *
 128:.\GUI_X.c     **** *       GUI_X_Systick_Intr
 129:.\GUI_X.c     **** *
 130:.\GUI_X.c     **** * Purpose:
 131:.\GUI_X.c     **** *   Interrupt Service Routine for Systick.
 132:.\GUI_X.c     **** */
 133:.\GUI_X.c     **** void GUI_X_Systick_Intr(void){    
  27              		.loc 1 133 0
  28              		.cfi_startproc
  29              		@ args = 0, pretend = 0, frame = 0
  30              		@ frame_needed = 0, uses_anonymous_args = 0
  31              		@ link register save eliminated.
 134:.\GUI_X.c     ****   OS_TimeMS++;
  32              		.loc 1 134 0
  33 0000 024A     		ldr	r2, .L2
  34 0002 1368     		ldr	r3, [r2]
  35 0004 0133     		adds	r3, r3, #1
  36 0006 1360     		str	r3, [r2]
  37 0008 7047     		bx	lr
ARM GAS  C:\Users\YongY\AppData\Local\Temp\ccWvGtHV.s 			page 4


  38              	.L3:
  39 000a 00BF     		.align	2
  40              	.L2:
  41 000c 00000000 		.word	OS_TimeMS
  42              		.cfi_endproc
  43              	.LFE70:
  44              		.size	GUI_X_Systick_Intr, .-GUI_X_Systick_Intr
  45              		.section	.text.GUI_X_GetTime,"ax",%progbits
  46              		.align	2
  47              		.global	GUI_X_GetTime
  48              		.thumb
  49              		.thumb_func
  50              		.type	GUI_X_GetTime, %function
  51              	GUI_X_GetTime:
  52              	.LFB63:
  72:.\GUI_X.c     ****   return OS_TimeMS; 
  53              		.loc 1 72 0
  54              		.cfi_startproc
  55              		@ args = 0, pretend = 0, frame = 0
  56              		@ frame_needed = 0, uses_anonymous_args = 0
  57              		@ link register save eliminated.
  73:.\GUI_X.c     **** }
  58              		.loc 1 73 0
  59 0000 014B     		ldr	r3, .L5
  60 0002 1868     		ldr	r0, [r3]
  74:.\GUI_X.c     **** 
  61              		.loc 1 74 0
  62 0004 7047     		bx	lr
  63              	.L6:
  64 0006 00BF     		.align	2
  65              	.L5:
  66 0008 00000000 		.word	OS_TimeMS
  67              		.cfi_endproc
  68              	.LFE63:
  69              		.size	GUI_X_GetTime, .-GUI_X_GetTime
  70              		.section	.text.GUI_X_Delay,"ax",%progbits
  71              		.align	2
  72              		.global	GUI_X_Delay
  73              		.thumb
  74              		.thumb_func
  75              		.type	GUI_X_Delay, %function
  76              	GUI_X_Delay:
  77              	.LFB64:
  76:.\GUI_X.c     ****   int tEnd = OS_TimeMS + ms;
  78              		.loc 1 76 0
  79              		.cfi_startproc
  80              		@ args = 0, pretend = 0, frame = 0
  81              		@ frame_needed = 0, uses_anonymous_args = 0
  82              		@ link register save eliminated.
  83              	.LVL0:
  77:.\GUI_X.c     ****   while ((tEnd - OS_TimeMS) > 0);
  84              		.loc 1 77 0
  85 0000 044B     		ldr	r3, .L9
  86 0002 1B68     		ldr	r3, [r3]
  87 0004 1844     		add	r0, r0, r3
  88              	.LVL1:
  89              	.L8:
ARM GAS  C:\Users\YongY\AppData\Local\Temp\ccWvGtHV.s 			page 5


  78:.\GUI_X.c     **** }
  90              		.loc 1 78 0 discriminator 1
  91 0006 034B     		ldr	r3, .L9
  92 0008 1B68     		ldr	r3, [r3]
  93 000a C31A     		subs	r3, r0, r3
  94 000c 002B     		cmp	r3, #0
  95 000e FADC     		bgt	.L8
  79:.\GUI_X.c     **** 
  96              		.loc 1 79 0
  97 0010 7047     		bx	lr
  98              	.L10:
  99 0012 00BF     		.align	2
 100              	.L9:
 101 0014 00000000 		.word	OS_TimeMS
 102              		.cfi_endproc
 103              	.LFE64:
 104              		.size	GUI_X_Delay, .-GUI_X_Delay
 105              		.section	.text.GUI_X_ExecIdle,"ax",%progbits
 106              		.align	2
 107              		.global	GUI_X_ExecIdle
 108              		.thumb
 109              		.thumb_func
 110              		.type	GUI_X_ExecIdle, %function
 111              	GUI_X_ExecIdle:
 112              	.LFB66:
 101:.\GUI_X.c     **** 
 113              		.loc 1 101 0
 114              		.cfi_startproc
 115              		@ args = 0, pretend = 0, frame = 0
 116              		@ frame_needed = 0, uses_anonymous_args = 0
 117              		@ link register save eliminated.
 118 0000 7047     		bx	lr
 119              		.cfi_endproc
 120              	.LFE66:
 121              		.size	GUI_X_ExecIdle, .-GUI_X_ExecIdle
 122 0002 00BF     		.section	.text.GUI_X_Log,"ax",%progbits
 123              		.align	2
 124              		.global	GUI_X_Log
 125              		.thumb
 126              		.thumb_func
 127              		.type	GUI_X_Log, %function
 128              	GUI_X_Log:
 129              	.LFB67:
 117:.\GUI_X.c     **** void GUI_X_Warn    (const char *s) { GUI_USE_PARA(s); }
 130              		.loc 1 117 0
 131              		.cfi_startproc
 132              		@ args = 0, pretend = 0, frame = 0
 133              		@ frame_needed = 0, uses_anonymous_args = 0
 134              		@ link register save eliminated.
 135              	.LVL2:
 136 0000 7047     		bx	lr
 137              		.cfi_endproc
 138              	.LFE67:
 139              		.size	GUI_X_Log, .-GUI_X_Log
 140 0002 00BF     		.section	.text.GUI_X_Warn,"ax",%progbits
 141              		.align	2
 142              		.global	GUI_X_Warn
ARM GAS  C:\Users\YongY\AppData\Local\Temp\ccWvGtHV.s 			page 6


 143              		.thumb
 144              		.thumb_func
 145              		.type	GUI_X_Warn, %function
 146              	GUI_X_Warn:
 147              	.LFB68:
 118:.\GUI_X.c     **** void GUI_X_ErrorOut(const char *s) { GUI_USE_PARA(s); }
 148              		.loc 1 118 0
 149              		.cfi_startproc
 150              		@ args = 0, pretend = 0, frame = 0
 151              		@ frame_needed = 0, uses_anonymous_args = 0
 152              		@ link register save eliminated.
 153              	.LVL3:
 154 0000 7047     		bx	lr
 155              		.cfi_endproc
 156              	.LFE68:
 157              		.size	GUI_X_Warn, .-GUI_X_Warn
 158 0002 00BF     		.section	.text.GUI_X_ErrorOut,"ax",%progbits
 159              		.align	2
 160              		.global	GUI_X_ErrorOut
 161              		.thumb
 162              		.thumb_func
 163              		.type	GUI_X_ErrorOut, %function
 164              	GUI_X_ErrorOut:
 165              	.LFB69:
 119:.\GUI_X.c     **** 
 166              		.loc 1 119 0
 167              		.cfi_startproc
 168              		@ args = 0, pretend = 0, frame = 0
 169              		@ frame_needed = 0, uses_anonymous_args = 0
 170              		@ link register save eliminated.
 171              	.LVL4:
 172 0000 7047     		bx	lr
 173              		.cfi_endproc
 174              	.LFE69:
 175              		.size	GUI_X_ErrorOut, .-GUI_X_ErrorOut
 176 0002 00BF     		.section	.text.GUI_X_Systick_Init,"ax",%progbits
 177              		.align	2
 178              		.global	GUI_X_Systick_Init
 179              		.thumb
 180              		.thumb_func
 181              		.type	GUI_X_Systick_Init, %function
 182              	GUI_X_Systick_Init:
 183              	.LFB71:
 135:.\GUI_X.c     **** }
 136:.\GUI_X.c     **** 
 137:.\GUI_X.c     **** /*********************************************************************
 138:.\GUI_X.c     **** *
 139:.\GUI_X.c     **** *       GUI_X_Systick_Init()
 140:.\GUI_X.c     **** *
 141:.\GUI_X.c     **** * Purpose:
 142:.\GUI_X.c     **** *   Sets up the Systick interrupt and enable it.
 143:.\GUI_X.c     **** */
 144:.\GUI_X.c     **** void GUI_X_Systick_Init(void){  
 184              		.loc 1 144 0
 185              		.cfi_startproc
 186              		@ args = 0, pretend = 0, frame = 0
 187              		@ frame_needed = 0, uses_anonymous_args = 0
ARM GAS  C:\Users\YongY\AppData\Local\Temp\ccWvGtHV.s 			page 7


 188              		.loc 1 144 0
 189 0000 10B5     		push	{r4, lr}
 190              		.cfi_def_cfa_offset 8
 191              		.cfi_offset 4, -8
 192              		.cfi_offset 14, -4
 145:.\GUI_X.c     ****   uint32_t i; 
 146:.\GUI_X.c     ****   CySysTickStart();
 193              		.loc 1 146 0
 194 0002 FFF7FEFF 		bl	CySysTickStart
 195              	.LVL5:
 147:.\GUI_X.c     ****   //
 148:.\GUI_X.c     ****   // Find unused callback slot.
 149:.\GUI_X.c     ****   //
 150:.\GUI_X.c     ****     for (i = 0u; i < CY_SYS_SYST_NUM_OF_CALLBACKS; i++)
 196              		.loc 1 150 0
 197 0006 0024     		movs	r4, #0
 198 0008 09E0     		b	.L16
 199              	.LVL6:
 200              	.L19:
 151:.\GUI_X.c     ****     {
 152:.\GUI_X.c     ****         if (CySysTickGetCallback(i) == NULL)
 201              		.loc 1 152 0
 202 000a 2046     		mov	r0, r4
 203 000c FFF7FEFF 		bl	CySysTickGetCallback
 204              	.LVL7:
 205 0010 20B9     		cbnz	r0, .L17
 153:.\GUI_X.c     ****         {
 154:.\GUI_X.c     ****             CySysTickSetCallback(i, GUI_X_Systick_Intr);
 206              		.loc 1 154 0
 207 0012 2046     		mov	r0, r4
 208 0014 0649     		ldr	r1, .L22
 209 0016 FFF7FEFF 		bl	CySysTickSetCallback
 210              	.LVL8:
 155:.\GUI_X.c     ****             break;
 211              		.loc 1 155 0
 212 001a 02E0     		b	.L18
 213              	.L17:
 150:.\GUI_X.c     ****     {
 214              		.loc 1 150 0 discriminator 2
 215 001c 0134     		adds	r4, r4, #1
 216              	.LVL9:
 217              	.L16:
 150:.\GUI_X.c     ****     {
 218              		.loc 1 150 0 is_stmt 0 discriminator 1
 219 001e 042C     		cmp	r4, #4
 220 0020 F3D9     		bls	.L19
 221              	.L18:
 156:.\GUI_X.c     ****         }
 157:.\GUI_X.c     ****     }
 158:.\GUI_X.c     ****     
 159:.\GUI_X.c     ****     CYASSERT(i < CY_SYS_SYST_NUM_OF_CALLBACKS);
 222              		.loc 1 159 0 is_stmt 1
 223 0022 042C     		cmp	r4, #4
 224 0024 02D9     		bls	.L15
 225              		.loc 1 159 0 is_stmt 0 discriminator 1
 226 0026 0020     		movs	r0, #0
 227 0028 FFF7FEFF 		bl	CyHalt
ARM GAS  C:\Users\YongY\AppData\Local\Temp\ccWvGtHV.s 			page 8


 228              	.LVL10:
 229              	.L15:
 230 002c 10BD     		pop	{r4, pc}
 231              	.LVL11:
 232              	.L23:
 233 002e 00BF     		.align	2
 234              	.L22:
 235 0030 00000000 		.word	GUI_X_Systick_Intr
 236              		.cfi_endproc
 237              	.LFE71:
 238              		.size	GUI_X_Systick_Init, .-GUI_X_Systick_Init
 239              		.section	.text.GUI_X_Init,"ax",%progbits
 240              		.align	2
 241              		.global	GUI_X_Init
 242              		.thumb
 243              		.thumb_func
 244              		.type	GUI_X_Init, %function
 245              	GUI_X_Init:
 246              	.LFB65:
  89:.\GUI_X.c     ****   GUI_X_Systick_Init();
 247              		.loc 1 89 0 is_stmt 1
 248              		.cfi_startproc
 249              		@ args = 0, pretend = 0, frame = 0
 250              		@ frame_needed = 0, uses_anonymous_args = 0
 251 0000 08B5     		push	{r3, lr}
 252              		.cfi_def_cfa_offset 8
 253              		.cfi_offset 3, -8
 254              		.cfi_offset 14, -4
  90:.\GUI_X.c     **** }
 255              		.loc 1 90 0
 256 0002 FFF7FEFF 		bl	GUI_X_Systick_Init
 257              	.LVL12:
 258 0006 08BD     		pop	{r3, pc}
 259              		.cfi_endproc
 260              	.LFE65:
 261              		.size	GUI_X_Init, .-GUI_X_Init
 262              		.comm	OS_TimeMS,4,4
 263              		.text
 264              	.Letext0:
 265              		.file 2 "c:\\program files (x86)\\cypress\\psoc creator\\3.3\\psoc creator\\import\\gnu\\arm\\4.9.
 266              		.file 3 "c:\\program files (x86)\\cypress\\psoc creator\\3.3\\psoc creator\\import\\gnu\\arm\\4.9.
 267              		.file 4 "Generated_Source\\PSoC5/cytypes.h"
 268              		.file 5 "Generated_Source\\PSoC5/CyLib.h"
 269              		.file 6 "Generated_Source\\PSoC5/core_cm3.h"
 270              		.section	.debug_info,"",%progbits
 271              	.Ldebug_info0:
 272 0000 A3020000 		.4byte	0x2a3
 273 0004 0400     		.2byte	0x4
 274 0006 00000000 		.4byte	.Ldebug_abbrev0
 275 000a 04       		.byte	0x4
 276 000b 01       		.uleb128 0x1
 277 000c 06010000 		.4byte	.LASF33
 278 0010 01       		.byte	0x1
 279 0011 9B020000 		.4byte	.LASF34
 280 0015 94010000 		.4byte	.LASF35
 281 0019 00000000 		.4byte	.Ldebug_ranges0+0
 282 001d 00000000 		.4byte	0
ARM GAS  C:\Users\YongY\AppData\Local\Temp\ccWvGtHV.s 			page 9


 283 0021 00000000 		.4byte	.Ldebug_line0
 284 0025 02       		.uleb128 0x2
 285 0026 04       		.byte	0x4
 286 0027 05       		.byte	0x5
 287 0028 696E7400 		.ascii	"int\000"
 288 002c 03       		.uleb128 0x3
 289 002d 04       		.byte	0x4
 290 002e 07       		.byte	0x7
 291 002f E3010000 		.4byte	.LASF0
 292 0033 03       		.uleb128 0x3
 293 0034 04       		.byte	0x4
 294 0035 07       		.byte	0x7
 295 0036 A9000000 		.4byte	.LASF1
 296 003a 03       		.uleb128 0x3
 297 003b 02       		.byte	0x2
 298 003c 05       		.byte	0x5
 299 003d 4F000000 		.4byte	.LASF2
 300 0041 03       		.uleb128 0x3
 301 0042 01       		.byte	0x1
 302 0043 08       		.byte	0x8
 303 0044 F0010000 		.4byte	.LASF3
 304 0048 03       		.uleb128 0x3
 305 0049 01       		.byte	0x1
 306 004a 08       		.byte	0x8
 307 004b 8C000000 		.4byte	.LASF4
 308 004f 04       		.uleb128 0x4
 309 0050 03       		.uleb128 0x3
 310 0051 04       		.byte	0x4
 311 0052 05       		.byte	0x5
 312 0053 86020000 		.4byte	.LASF5
 313 0057 05       		.uleb128 0x5
 314 0058 04       		.byte	0x4
 315 0059 4F000000 		.4byte	0x4f
 316 005d 05       		.uleb128 0x5
 317 005e 04       		.byte	0x4
 318 005f 63000000 		.4byte	0x63
 319 0063 06       		.uleb128 0x6
 320 0064 41000000 		.4byte	0x41
 321 0068 03       		.uleb128 0x3
 322 0069 02       		.byte	0x2
 323 006a 07       		.byte	0x7
 324 006b 3C000000 		.4byte	.LASF6
 325 006f 03       		.uleb128 0x3
 326 0070 01       		.byte	0x1
 327 0071 06       		.byte	0x6
 328 0072 8F020000 		.4byte	.LASF7
 329 0076 03       		.uleb128 0x3
 330 0077 04       		.byte	0x4
 331 0078 07       		.byte	0x7
 332 0079 1D020000 		.4byte	.LASF8
 333 007d 07       		.uleb128 0x7
 334 007e 28000000 		.4byte	.LASF9
 335 0082 02       		.byte	0x2
 336 0083 3F       		.byte	0x3f
 337 0084 50000000 		.4byte	0x50
 338 0088 07       		.uleb128 0x7
 339 0089 F4000000 		.4byte	.LASF10
ARM GAS  C:\Users\YongY\AppData\Local\Temp\ccWvGtHV.s 			page 10


 340 008d 02       		.byte	0x2
 341 008e 41       		.byte	0x41
 342 008f 33000000 		.4byte	0x33
 343 0093 03       		.uleb128 0x3
 344 0094 08       		.byte	0x8
 345 0095 05       		.byte	0x5
 346 0096 2B020000 		.4byte	.LASF11
 347 009a 03       		.uleb128 0x3
 348 009b 08       		.byte	0x8
 349 009c 07       		.byte	0x7
 350 009d 75000000 		.4byte	.LASF12
 351 00a1 07       		.uleb128 0x7
 352 00a2 15020000 		.4byte	.LASF13
 353 00a6 03       		.byte	0x3
 354 00a7 2C       		.byte	0x2c
 355 00a8 7D000000 		.4byte	0x7d
 356 00ac 07       		.uleb128 0x7
 357 00ad 7D020000 		.4byte	.LASF14
 358 00b1 03       		.byte	0x3
 359 00b2 2D       		.byte	0x2d
 360 00b3 88000000 		.4byte	0x88
 361 00b7 07       		.uleb128 0x7
 362 00b8 BB000000 		.4byte	.LASF15
 363 00bc 04       		.byte	0x4
 364 00bd C2       		.byte	0xc2
 365 00be 48000000 		.4byte	0x48
 366 00c2 07       		.uleb128 0x7
 367 00c3 FF000000 		.4byte	.LASF16
 368 00c7 04       		.byte	0x4
 369 00c8 C4       		.byte	0xc4
 370 00c9 33000000 		.4byte	0x33
 371 00cd 03       		.uleb128 0x3
 372 00ce 04       		.byte	0x4
 373 00cf 04       		.byte	0x4
 374 00d0 64000000 		.4byte	.LASF17
 375 00d4 03       		.uleb128 0x3
 376 00d5 08       		.byte	0x8
 377 00d6 04       		.byte	0x4
 378 00d7 ED000000 		.4byte	.LASF18
 379 00db 07       		.uleb128 0x7
 380 00dc 39020000 		.4byte	.LASF19
 381 00e0 05       		.byte	0x5
 382 00e1 AD       		.byte	0xad
 383 00e2 57000000 		.4byte	0x57
 384 00e6 08       		.uleb128 0x8
 385 00e7 15000000 		.4byte	.LASF20
 386 00eb 01       		.byte	0x1
 387 00ec 85       		.byte	0x85
 388 00ed 00000000 		.4byte	.LFB70
 389 00f1 10000000 		.4byte	.LFE70-.LFB70
 390 00f5 01       		.uleb128 0x1
 391 00f6 9C       		.byte	0x9c
 392 00f7 09       		.uleb128 0x9
 393 00f8 5A020000 		.4byte	.LASF36
 394 00fc 01       		.byte	0x1
 395 00fd 48       		.byte	0x48
 396 00fe 25000000 		.4byte	0x25
ARM GAS  C:\Users\YongY\AppData\Local\Temp\ccWvGtHV.s 			page 11


 397 0102 00000000 		.4byte	.LFB63
 398 0106 0C000000 		.4byte	.LFE63-.LFB63
 399 010a 01       		.uleb128 0x1
 400 010b 9C       		.byte	0x9c
 401 010c 0A       		.uleb128 0xa
 402 010d C1000000 		.4byte	.LASF22
 403 0111 01       		.byte	0x1
 404 0112 4C       		.byte	0x4c
 405 0113 00000000 		.4byte	.LFB64
 406 0117 18000000 		.4byte	.LFE64-.LFB64
 407 011b 01       		.uleb128 0x1
 408 011c 9C       		.byte	0x9c
 409 011d 3D010000 		.4byte	0x13d
 410 0121 0B       		.uleb128 0xb
 411 0122 6D7300   		.ascii	"ms\000"
 412 0125 01       		.byte	0x1
 413 0126 4C       		.byte	0x4c
 414 0127 25000000 		.4byte	0x25
 415 012b 00000000 		.4byte	.LLST0
 416 012f 0C       		.uleb128 0xc
 417 0130 26020000 		.4byte	.LASF27
 418 0134 01       		.byte	0x1
 419 0135 4D       		.byte	0x4d
 420 0136 25000000 		.4byte	0x25
 421 013a 01       		.uleb128 0x1
 422 013b 50       		.byte	0x50
 423 013c 00       		.byte	0
 424 013d 08       		.uleb128 0x8
 425 013e 4B020000 		.4byte	.LASF21
 426 0142 01       		.byte	0x1
 427 0143 65       		.byte	0x65
 428 0144 00000000 		.4byte	.LFB66
 429 0148 02000000 		.4byte	.LFE66-.LFB66
 430 014c 01       		.uleb128 0x1
 431 014d 9C       		.byte	0x9c
 432 014e 0A       		.uleb128 0xa
 433 014f 32000000 		.4byte	.LASF23
 434 0153 01       		.byte	0x1
 435 0154 75       		.byte	0x75
 436 0155 00000000 		.4byte	.LFB67
 437 0159 02000000 		.4byte	.LFE67-.LFB67
 438 015d 01       		.uleb128 0x1
 439 015e 9C       		.byte	0x9c
 440 015f 6F010000 		.4byte	0x16f
 441 0163 0D       		.uleb128 0xd
 442 0164 7300     		.ascii	"s\000"
 443 0166 01       		.byte	0x1
 444 0167 75       		.byte	0x75
 445 0168 5D000000 		.4byte	0x5d
 446 016c 01       		.uleb128 0x1
 447 016d 50       		.byte	0x50
 448 016e 00       		.byte	0
 449 016f 0A       		.uleb128 0xa
 450 0170 6A000000 		.4byte	.LASF24
 451 0174 01       		.byte	0x1
 452 0175 76       		.byte	0x76
 453 0176 00000000 		.4byte	.LFB68
ARM GAS  C:\Users\YongY\AppData\Local\Temp\ccWvGtHV.s 			page 12


 454 017a 02000000 		.4byte	.LFE68-.LFB68
 455 017e 01       		.uleb128 0x1
 456 017f 9C       		.byte	0x9c
 457 0180 90010000 		.4byte	0x190
 458 0184 0D       		.uleb128 0xd
 459 0185 7300     		.ascii	"s\000"
 460 0187 01       		.byte	0x1
 461 0188 76       		.byte	0x76
 462 0189 5D000000 		.4byte	0x5d
 463 018d 01       		.uleb128 0x1
 464 018e 50       		.byte	0x50
 465 018f 00       		.byte	0
 466 0190 0A       		.uleb128 0xa
 467 0191 F5010000 		.4byte	.LASF25
 468 0195 01       		.byte	0x1
 469 0196 77       		.byte	0x77
 470 0197 00000000 		.4byte	.LFB69
 471 019b 02000000 		.4byte	.LFE69-.LFB69
 472 019f 01       		.uleb128 0x1
 473 01a0 9C       		.byte	0x9c
 474 01a1 B1010000 		.4byte	0x1b1
 475 01a5 0D       		.uleb128 0xd
 476 01a6 7300     		.ascii	"s\000"
 477 01a8 01       		.byte	0x1
 478 01a9 77       		.byte	0x77
 479 01aa 5D000000 		.4byte	0x5d
 480 01ae 01       		.uleb128 0x1
 481 01af 50       		.byte	0x50
 482 01b0 00       		.byte	0
 483 01b1 0A       		.uleb128 0xa
 484 01b2 DA000000 		.4byte	.LASF26
 485 01b6 01       		.byte	0x1
 486 01b7 90       		.byte	0x90
 487 01b8 00000000 		.4byte	.LFB71
 488 01bc 34000000 		.4byte	.LFE71-.LFB71
 489 01c0 01       		.uleb128 0x1
 490 01c1 9C       		.byte	0x9c
 491 01c2 1D020000 		.4byte	0x21d
 492 01c6 0E       		.uleb128 0xe
 493 01c7 6900     		.ascii	"i\000"
 494 01c9 01       		.byte	0x1
 495 01ca 91       		.byte	0x91
 496 01cb AC000000 		.4byte	0xac
 497 01cf 21000000 		.4byte	.LLST1
 498 01d3 0F       		.uleb128 0xf
 499 01d4 06000000 		.4byte	.LVL5
 500 01d8 63020000 		.4byte	0x263
 501 01dc 10       		.uleb128 0x10
 502 01dd 10000000 		.4byte	.LVL7
 503 01e1 6A020000 		.4byte	0x26a
 504 01e5 F0010000 		.4byte	0x1f0
 505 01e9 11       		.uleb128 0x11
 506 01ea 01       		.uleb128 0x1
 507 01eb 50       		.byte	0x50
 508 01ec 02       		.uleb128 0x2
 509 01ed 74       		.byte	0x74
 510 01ee 00       		.sleb128 0
ARM GAS  C:\Users\YongY\AppData\Local\Temp\ccWvGtHV.s 			page 13


 511 01ef 00       		.byte	0
 512 01f0 10       		.uleb128 0x10
 513 01f1 1A000000 		.4byte	.LVL8
 514 01f5 7F020000 		.4byte	0x27f
 515 01f9 0D020000 		.4byte	0x20d
 516 01fd 11       		.uleb128 0x11
 517 01fe 01       		.uleb128 0x1
 518 01ff 51       		.byte	0x51
 519 0200 05       		.uleb128 0x5
 520 0201 03       		.byte	0x3
 521 0202 00000000 		.4byte	GUI_X_Systick_Intr
 522 0206 11       		.uleb128 0x11
 523 0207 01       		.uleb128 0x1
 524 0208 50       		.byte	0x50
 525 0209 02       		.uleb128 0x2
 526 020a 74       		.byte	0x74
 527 020b 00       		.sleb128 0
 528 020c 00       		.byte	0
 529 020d 12       		.uleb128 0x12
 530 020e 2C000000 		.4byte	.LVL10
 531 0212 99020000 		.4byte	0x299
 532 0216 11       		.uleb128 0x11
 533 0217 01       		.uleb128 0x1
 534 0218 50       		.byte	0x50
 535 0219 01       		.uleb128 0x1
 536 021a 30       		.byte	0x30
 537 021b 00       		.byte	0
 538 021c 00       		.byte	0
 539 021d 0A       		.uleb128 0xa
 540 021e 59000000 		.4byte	.LASF28
 541 0222 01       		.byte	0x1
 542 0223 59       		.byte	0x59
 543 0224 00000000 		.4byte	.LFB65
 544 0228 08000000 		.4byte	.LFE65-.LFB65
 545 022c 01       		.uleb128 0x1
 546 022d 9C       		.byte	0x9c
 547 022e 3C020000 		.4byte	0x23c
 548 0232 0F       		.uleb128 0xf
 549 0233 06000000 		.4byte	.LVL12
 550 0237 B1010000 		.4byte	0x1b1
 551 023b 00       		.byte	0
 552 023c 13       		.uleb128 0x13
 553 023d CD000000 		.4byte	.LASF29
 554 0241 06       		.byte	0x6
 555 0242 2A06     		.2byte	0x62a
 556 0244 48020000 		.4byte	0x248
 557 0248 14       		.uleb128 0x14
 558 0249 A1000000 		.4byte	0xa1
 559 024d 15       		.uleb128 0x15
 560 024e 0B020000 		.4byte	.LASF30
 561 0252 01       		.byte	0x1
 562 0253 3B       		.byte	0x3b
 563 0254 5E020000 		.4byte	0x25e
 564 0258 05       		.uleb128 0x5
 565 0259 03       		.byte	0x3
 566 025a 00000000 		.4byte	OS_TimeMS
 567 025e 14       		.uleb128 0x14
ARM GAS  C:\Users\YongY\AppData\Local\Temp\ccWvGtHV.s 			page 14


 568 025f 25000000 		.4byte	0x25
 569 0263 16       		.uleb128 0x16
 570 0264 9A000000 		.4byte	.LASF37
 571 0268 05       		.byte	0x5
 572 0269 AF       		.byte	0xaf
 573 026a 17       		.uleb128 0x17
 574 026b 68020000 		.4byte	.LASF31
 575 026f 05       		.byte	0x5
 576 0270 B9       		.byte	0xb9
 577 0271 DB000000 		.4byte	0xdb
 578 0275 7F020000 		.4byte	0x27f
 579 0279 18       		.uleb128 0x18
 580 027a C2000000 		.4byte	0xc2
 581 027e 00       		.byte	0
 582 027f 17       		.uleb128 0x17
 583 0280 00000000 		.4byte	.LASF32
 584 0284 05       		.byte	0x5
 585 0285 B8       		.byte	0xb8
 586 0286 DB000000 		.4byte	0xdb
 587 028a 99020000 		.4byte	0x299
 588 028e 18       		.uleb128 0x18
 589 028f C2000000 		.4byte	0xc2
 590 0293 18       		.uleb128 0x18
 591 0294 DB000000 		.4byte	0xdb
 592 0298 00       		.byte	0
 593 0299 19       		.uleb128 0x19
 594 029a 04020000 		.4byte	.LASF38
 595 029e 05       		.byte	0x5
 596 029f 80       		.byte	0x80
 597 02a0 18       		.uleb128 0x18
 598 02a1 B7000000 		.4byte	0xb7
 599 02a5 00       		.byte	0
 600 02a6 00       		.byte	0
 601              		.section	.debug_abbrev,"",%progbits
 602              	.Ldebug_abbrev0:
 603 0000 01       		.uleb128 0x1
 604 0001 11       		.uleb128 0x11
 605 0002 01       		.byte	0x1
 606 0003 25       		.uleb128 0x25
 607 0004 0E       		.uleb128 0xe
 608 0005 13       		.uleb128 0x13
 609 0006 0B       		.uleb128 0xb
 610 0007 03       		.uleb128 0x3
 611 0008 0E       		.uleb128 0xe
 612 0009 1B       		.uleb128 0x1b
 613 000a 0E       		.uleb128 0xe
 614 000b 55       		.uleb128 0x55
 615 000c 17       		.uleb128 0x17
 616 000d 11       		.uleb128 0x11
 617 000e 01       		.uleb128 0x1
 618 000f 10       		.uleb128 0x10
 619 0010 17       		.uleb128 0x17
 620 0011 00       		.byte	0
 621 0012 00       		.byte	0
 622 0013 02       		.uleb128 0x2
 623 0014 24       		.uleb128 0x24
 624 0015 00       		.byte	0
ARM GAS  C:\Users\YongY\AppData\Local\Temp\ccWvGtHV.s 			page 15


 625 0016 0B       		.uleb128 0xb
 626 0017 0B       		.uleb128 0xb
 627 0018 3E       		.uleb128 0x3e
 628 0019 0B       		.uleb128 0xb
 629 001a 03       		.uleb128 0x3
 630 001b 08       		.uleb128 0x8
 631 001c 00       		.byte	0
 632 001d 00       		.byte	0
 633 001e 03       		.uleb128 0x3
 634 001f 24       		.uleb128 0x24
 635 0020 00       		.byte	0
 636 0021 0B       		.uleb128 0xb
 637 0022 0B       		.uleb128 0xb
 638 0023 3E       		.uleb128 0x3e
 639 0024 0B       		.uleb128 0xb
 640 0025 03       		.uleb128 0x3
 641 0026 0E       		.uleb128 0xe
 642 0027 00       		.byte	0
 643 0028 00       		.byte	0
 644 0029 04       		.uleb128 0x4
 645 002a 15       		.uleb128 0x15
 646 002b 00       		.byte	0
 647 002c 27       		.uleb128 0x27
 648 002d 19       		.uleb128 0x19
 649 002e 00       		.byte	0
 650 002f 00       		.byte	0
 651 0030 05       		.uleb128 0x5
 652 0031 0F       		.uleb128 0xf
 653 0032 00       		.byte	0
 654 0033 0B       		.uleb128 0xb
 655 0034 0B       		.uleb128 0xb
 656 0035 49       		.uleb128 0x49
 657 0036 13       		.uleb128 0x13
 658 0037 00       		.byte	0
 659 0038 00       		.byte	0
 660 0039 06       		.uleb128 0x6
 661 003a 26       		.uleb128 0x26
 662 003b 00       		.byte	0
 663 003c 49       		.uleb128 0x49
 664 003d 13       		.uleb128 0x13
 665 003e 00       		.byte	0
 666 003f 00       		.byte	0
 667 0040 07       		.uleb128 0x7
 668 0041 16       		.uleb128 0x16
 669 0042 00       		.byte	0
 670 0043 03       		.uleb128 0x3
 671 0044 0E       		.uleb128 0xe
 672 0045 3A       		.uleb128 0x3a
 673 0046 0B       		.uleb128 0xb
 674 0047 3B       		.uleb128 0x3b
 675 0048 0B       		.uleb128 0xb
 676 0049 49       		.uleb128 0x49
 677 004a 13       		.uleb128 0x13
 678 004b 00       		.byte	0
 679 004c 00       		.byte	0
 680 004d 08       		.uleb128 0x8
 681 004e 2E       		.uleb128 0x2e
ARM GAS  C:\Users\YongY\AppData\Local\Temp\ccWvGtHV.s 			page 16


 682 004f 00       		.byte	0
 683 0050 3F       		.uleb128 0x3f
 684 0051 19       		.uleb128 0x19
 685 0052 03       		.uleb128 0x3
 686 0053 0E       		.uleb128 0xe
 687 0054 3A       		.uleb128 0x3a
 688 0055 0B       		.uleb128 0xb
 689 0056 3B       		.uleb128 0x3b
 690 0057 0B       		.uleb128 0xb
 691 0058 27       		.uleb128 0x27
 692 0059 19       		.uleb128 0x19
 693 005a 11       		.uleb128 0x11
 694 005b 01       		.uleb128 0x1
 695 005c 12       		.uleb128 0x12
 696 005d 06       		.uleb128 0x6
 697 005e 40       		.uleb128 0x40
 698 005f 18       		.uleb128 0x18
 699 0060 9742     		.uleb128 0x2117
 700 0062 19       		.uleb128 0x19
 701 0063 00       		.byte	0
 702 0064 00       		.byte	0
 703 0065 09       		.uleb128 0x9
 704 0066 2E       		.uleb128 0x2e
 705 0067 00       		.byte	0
 706 0068 3F       		.uleb128 0x3f
 707 0069 19       		.uleb128 0x19
 708 006a 03       		.uleb128 0x3
 709 006b 0E       		.uleb128 0xe
 710 006c 3A       		.uleb128 0x3a
 711 006d 0B       		.uleb128 0xb
 712 006e 3B       		.uleb128 0x3b
 713 006f 0B       		.uleb128 0xb
 714 0070 27       		.uleb128 0x27
 715 0071 19       		.uleb128 0x19
 716 0072 49       		.uleb128 0x49
 717 0073 13       		.uleb128 0x13
 718 0074 11       		.uleb128 0x11
 719 0075 01       		.uleb128 0x1
 720 0076 12       		.uleb128 0x12
 721 0077 06       		.uleb128 0x6
 722 0078 40       		.uleb128 0x40
 723 0079 18       		.uleb128 0x18
 724 007a 9742     		.uleb128 0x2117
 725 007c 19       		.uleb128 0x19
 726 007d 00       		.byte	0
 727 007e 00       		.byte	0
 728 007f 0A       		.uleb128 0xa
 729 0080 2E       		.uleb128 0x2e
 730 0081 01       		.byte	0x1
 731 0082 3F       		.uleb128 0x3f
 732 0083 19       		.uleb128 0x19
 733 0084 03       		.uleb128 0x3
 734 0085 0E       		.uleb128 0xe
 735 0086 3A       		.uleb128 0x3a
 736 0087 0B       		.uleb128 0xb
 737 0088 3B       		.uleb128 0x3b
 738 0089 0B       		.uleb128 0xb
ARM GAS  C:\Users\YongY\AppData\Local\Temp\ccWvGtHV.s 			page 17


 739 008a 27       		.uleb128 0x27
 740 008b 19       		.uleb128 0x19
 741 008c 11       		.uleb128 0x11
 742 008d 01       		.uleb128 0x1
 743 008e 12       		.uleb128 0x12
 744 008f 06       		.uleb128 0x6
 745 0090 40       		.uleb128 0x40
 746 0091 18       		.uleb128 0x18
 747 0092 9742     		.uleb128 0x2117
 748 0094 19       		.uleb128 0x19
 749 0095 01       		.uleb128 0x1
 750 0096 13       		.uleb128 0x13
 751 0097 00       		.byte	0
 752 0098 00       		.byte	0
 753 0099 0B       		.uleb128 0xb
 754 009a 05       		.uleb128 0x5
 755 009b 00       		.byte	0
 756 009c 03       		.uleb128 0x3
 757 009d 08       		.uleb128 0x8
 758 009e 3A       		.uleb128 0x3a
 759 009f 0B       		.uleb128 0xb
 760 00a0 3B       		.uleb128 0x3b
 761 00a1 0B       		.uleb128 0xb
 762 00a2 49       		.uleb128 0x49
 763 00a3 13       		.uleb128 0x13
 764 00a4 02       		.uleb128 0x2
 765 00a5 17       		.uleb128 0x17
 766 00a6 00       		.byte	0
 767 00a7 00       		.byte	0
 768 00a8 0C       		.uleb128 0xc
 769 00a9 34       		.uleb128 0x34
 770 00aa 00       		.byte	0
 771 00ab 03       		.uleb128 0x3
 772 00ac 0E       		.uleb128 0xe
 773 00ad 3A       		.uleb128 0x3a
 774 00ae 0B       		.uleb128 0xb
 775 00af 3B       		.uleb128 0x3b
 776 00b0 0B       		.uleb128 0xb
 777 00b1 49       		.uleb128 0x49
 778 00b2 13       		.uleb128 0x13
 779 00b3 02       		.uleb128 0x2
 780 00b4 18       		.uleb128 0x18
 781 00b5 00       		.byte	0
 782 00b6 00       		.byte	0
 783 00b7 0D       		.uleb128 0xd
 784 00b8 05       		.uleb128 0x5
 785 00b9 00       		.byte	0
 786 00ba 03       		.uleb128 0x3
 787 00bb 08       		.uleb128 0x8
 788 00bc 3A       		.uleb128 0x3a
 789 00bd 0B       		.uleb128 0xb
 790 00be 3B       		.uleb128 0x3b
 791 00bf 0B       		.uleb128 0xb
 792 00c0 49       		.uleb128 0x49
 793 00c1 13       		.uleb128 0x13
 794 00c2 02       		.uleb128 0x2
 795 00c3 18       		.uleb128 0x18
ARM GAS  C:\Users\YongY\AppData\Local\Temp\ccWvGtHV.s 			page 18


 796 00c4 00       		.byte	0
 797 00c5 00       		.byte	0
 798 00c6 0E       		.uleb128 0xe
 799 00c7 34       		.uleb128 0x34
 800 00c8 00       		.byte	0
 801 00c9 03       		.uleb128 0x3
 802 00ca 08       		.uleb128 0x8
 803 00cb 3A       		.uleb128 0x3a
 804 00cc 0B       		.uleb128 0xb
 805 00cd 3B       		.uleb128 0x3b
 806 00ce 0B       		.uleb128 0xb
 807 00cf 49       		.uleb128 0x49
 808 00d0 13       		.uleb128 0x13
 809 00d1 02       		.uleb128 0x2
 810 00d2 17       		.uleb128 0x17
 811 00d3 00       		.byte	0
 812 00d4 00       		.byte	0
 813 00d5 0F       		.uleb128 0xf
 814 00d6 898201   		.uleb128 0x4109
 815 00d9 00       		.byte	0
 816 00da 11       		.uleb128 0x11
 817 00db 01       		.uleb128 0x1
 818 00dc 31       		.uleb128 0x31
 819 00dd 13       		.uleb128 0x13
 820 00de 00       		.byte	0
 821 00df 00       		.byte	0
 822 00e0 10       		.uleb128 0x10
 823 00e1 898201   		.uleb128 0x4109
 824 00e4 01       		.byte	0x1
 825 00e5 11       		.uleb128 0x11
 826 00e6 01       		.uleb128 0x1
 827 00e7 31       		.uleb128 0x31
 828 00e8 13       		.uleb128 0x13
 829 00e9 01       		.uleb128 0x1
 830 00ea 13       		.uleb128 0x13
 831 00eb 00       		.byte	0
 832 00ec 00       		.byte	0
 833 00ed 11       		.uleb128 0x11
 834 00ee 8A8201   		.uleb128 0x410a
 835 00f1 00       		.byte	0
 836 00f2 02       		.uleb128 0x2
 837 00f3 18       		.uleb128 0x18
 838 00f4 9142     		.uleb128 0x2111
 839 00f6 18       		.uleb128 0x18
 840 00f7 00       		.byte	0
 841 00f8 00       		.byte	0
 842 00f9 12       		.uleb128 0x12
 843 00fa 898201   		.uleb128 0x4109
 844 00fd 01       		.byte	0x1
 845 00fe 11       		.uleb128 0x11
 846 00ff 01       		.uleb128 0x1
 847 0100 31       		.uleb128 0x31
 848 0101 13       		.uleb128 0x13
 849 0102 00       		.byte	0
 850 0103 00       		.byte	0
 851 0104 13       		.uleb128 0x13
 852 0105 34       		.uleb128 0x34
ARM GAS  C:\Users\YongY\AppData\Local\Temp\ccWvGtHV.s 			page 19


 853 0106 00       		.byte	0
 854 0107 03       		.uleb128 0x3
 855 0108 0E       		.uleb128 0xe
 856 0109 3A       		.uleb128 0x3a
 857 010a 0B       		.uleb128 0xb
 858 010b 3B       		.uleb128 0x3b
 859 010c 05       		.uleb128 0x5
 860 010d 49       		.uleb128 0x49
 861 010e 13       		.uleb128 0x13
 862 010f 3F       		.uleb128 0x3f
 863 0110 19       		.uleb128 0x19
 864 0111 3C       		.uleb128 0x3c
 865 0112 19       		.uleb128 0x19
 866 0113 00       		.byte	0
 867 0114 00       		.byte	0
 868 0115 14       		.uleb128 0x14
 869 0116 35       		.uleb128 0x35
 870 0117 00       		.byte	0
 871 0118 49       		.uleb128 0x49
 872 0119 13       		.uleb128 0x13
 873 011a 00       		.byte	0
 874 011b 00       		.byte	0
 875 011c 15       		.uleb128 0x15
 876 011d 34       		.uleb128 0x34
 877 011e 00       		.byte	0
 878 011f 03       		.uleb128 0x3
 879 0120 0E       		.uleb128 0xe
 880 0121 3A       		.uleb128 0x3a
 881 0122 0B       		.uleb128 0xb
 882 0123 3B       		.uleb128 0x3b
 883 0124 0B       		.uleb128 0xb
 884 0125 49       		.uleb128 0x49
 885 0126 13       		.uleb128 0x13
 886 0127 3F       		.uleb128 0x3f
 887 0128 19       		.uleb128 0x19
 888 0129 02       		.uleb128 0x2
 889 012a 18       		.uleb128 0x18
 890 012b 00       		.byte	0
 891 012c 00       		.byte	0
 892 012d 16       		.uleb128 0x16
 893 012e 2E       		.uleb128 0x2e
 894 012f 00       		.byte	0
 895 0130 3F       		.uleb128 0x3f
 896 0131 19       		.uleb128 0x19
 897 0132 03       		.uleb128 0x3
 898 0133 0E       		.uleb128 0xe
 899 0134 3A       		.uleb128 0x3a
 900 0135 0B       		.uleb128 0xb
 901 0136 3B       		.uleb128 0x3b
 902 0137 0B       		.uleb128 0xb
 903 0138 27       		.uleb128 0x27
 904 0139 19       		.uleb128 0x19
 905 013a 3C       		.uleb128 0x3c
 906 013b 19       		.uleb128 0x19
 907 013c 00       		.byte	0
 908 013d 00       		.byte	0
 909 013e 17       		.uleb128 0x17
ARM GAS  C:\Users\YongY\AppData\Local\Temp\ccWvGtHV.s 			page 20


 910 013f 2E       		.uleb128 0x2e
 911 0140 01       		.byte	0x1
 912 0141 3F       		.uleb128 0x3f
 913 0142 19       		.uleb128 0x19
 914 0143 03       		.uleb128 0x3
 915 0144 0E       		.uleb128 0xe
 916 0145 3A       		.uleb128 0x3a
 917 0146 0B       		.uleb128 0xb
 918 0147 3B       		.uleb128 0x3b
 919 0148 0B       		.uleb128 0xb
 920 0149 27       		.uleb128 0x27
 921 014a 19       		.uleb128 0x19
 922 014b 49       		.uleb128 0x49
 923 014c 13       		.uleb128 0x13
 924 014d 3C       		.uleb128 0x3c
 925 014e 19       		.uleb128 0x19
 926 014f 01       		.uleb128 0x1
 927 0150 13       		.uleb128 0x13
 928 0151 00       		.byte	0
 929 0152 00       		.byte	0
 930 0153 18       		.uleb128 0x18
 931 0154 05       		.uleb128 0x5
 932 0155 00       		.byte	0
 933 0156 49       		.uleb128 0x49
 934 0157 13       		.uleb128 0x13
 935 0158 00       		.byte	0
 936 0159 00       		.byte	0
 937 015a 19       		.uleb128 0x19
 938 015b 2E       		.uleb128 0x2e
 939 015c 01       		.byte	0x1
 940 015d 3F       		.uleb128 0x3f
 941 015e 19       		.uleb128 0x19
 942 015f 03       		.uleb128 0x3
 943 0160 0E       		.uleb128 0xe
 944 0161 3A       		.uleb128 0x3a
 945 0162 0B       		.uleb128 0xb
 946 0163 3B       		.uleb128 0x3b
 947 0164 0B       		.uleb128 0xb
 948 0165 27       		.uleb128 0x27
 949 0166 19       		.uleb128 0x19
 950 0167 3C       		.uleb128 0x3c
 951 0168 19       		.uleb128 0x19
 952 0169 00       		.byte	0
 953 016a 00       		.byte	0
 954 016b 00       		.byte	0
 955              		.section	.debug_loc,"",%progbits
 956              	.Ldebug_loc0:
 957              	.LLST0:
 958 0000 00000000 		.4byte	.LVL0
 959 0004 06000000 		.4byte	.LVL1
 960 0008 0100     		.2byte	0x1
 961 000a 50       		.byte	0x50
 962 000b 06000000 		.4byte	.LVL1
 963 000f 18000000 		.4byte	.LFE64
 964 0013 0400     		.2byte	0x4
 965 0015 F3       		.byte	0xf3
 966 0016 01       		.uleb128 0x1
ARM GAS  C:\Users\YongY\AppData\Local\Temp\ccWvGtHV.s 			page 21


 967 0017 50       		.byte	0x50
 968 0018 9F       		.byte	0x9f
 969 0019 00000000 		.4byte	0
 970 001d 00000000 		.4byte	0
 971              	.LLST1:
 972 0021 06000000 		.4byte	.LVL5
 973 0025 0A000000 		.4byte	.LVL6
 974 0029 0200     		.2byte	0x2
 975 002b 30       		.byte	0x30
 976 002c 9F       		.byte	0x9f
 977 002d 0A000000 		.4byte	.LVL6
 978 0031 2E000000 		.4byte	.LVL11
 979 0035 0100     		.2byte	0x1
 980 0037 54       		.byte	0x54
 981 0038 00000000 		.4byte	0
 982 003c 00000000 		.4byte	0
 983              		.section	.debug_aranges,"",%progbits
 984 0000 5C000000 		.4byte	0x5c
 985 0004 0200     		.2byte	0x2
 986 0006 00000000 		.4byte	.Ldebug_info0
 987 000a 04       		.byte	0x4
 988 000b 00       		.byte	0
 989 000c 0000     		.2byte	0
 990 000e 0000     		.2byte	0
 991 0010 00000000 		.4byte	.LFB70
 992 0014 10000000 		.4byte	.LFE70-.LFB70
 993 0018 00000000 		.4byte	.LFB63
 994 001c 0C000000 		.4byte	.LFE63-.LFB63
 995 0020 00000000 		.4byte	.LFB64
 996 0024 18000000 		.4byte	.LFE64-.LFB64
 997 0028 00000000 		.4byte	.LFB66
 998 002c 02000000 		.4byte	.LFE66-.LFB66
 999 0030 00000000 		.4byte	.LFB67
 1000 0034 02000000 		.4byte	.LFE67-.LFB67
 1001 0038 00000000 		.4byte	.LFB68
 1002 003c 02000000 		.4byte	.LFE68-.LFB68
 1003 0040 00000000 		.4byte	.LFB69
 1004 0044 02000000 		.4byte	.LFE69-.LFB69
 1005 0048 00000000 		.4byte	.LFB71
 1006 004c 34000000 		.4byte	.LFE71-.LFB71
 1007 0050 00000000 		.4byte	.LFB65
 1008 0054 08000000 		.4byte	.LFE65-.LFB65
 1009 0058 00000000 		.4byte	0
 1010 005c 00000000 		.4byte	0
 1011              		.section	.debug_ranges,"",%progbits
 1012              	.Ldebug_ranges0:
 1013 0000 00000000 		.4byte	.LFB70
 1014 0004 10000000 		.4byte	.LFE70
 1015 0008 00000000 		.4byte	.LFB63
 1016 000c 0C000000 		.4byte	.LFE63
 1017 0010 00000000 		.4byte	.LFB64
 1018 0014 18000000 		.4byte	.LFE64
 1019 0018 00000000 		.4byte	.LFB66
 1020 001c 02000000 		.4byte	.LFE66
 1021 0020 00000000 		.4byte	.LFB67
 1022 0024 02000000 		.4byte	.LFE67
 1023 0028 00000000 		.4byte	.LFB68
ARM GAS  C:\Users\YongY\AppData\Local\Temp\ccWvGtHV.s 			page 22


 1024 002c 02000000 		.4byte	.LFE68
 1025 0030 00000000 		.4byte	.LFB69
 1026 0034 02000000 		.4byte	.LFE69
 1027 0038 00000000 		.4byte	.LFB71
 1028 003c 34000000 		.4byte	.LFE71
 1029 0040 00000000 		.4byte	.LFB65
 1030 0044 08000000 		.4byte	.LFE65
 1031 0048 00000000 		.4byte	0
 1032 004c 00000000 		.4byte	0
 1033              		.section	.debug_line,"",%progbits
 1034              	.Ldebug_line0:
 1035 0000 11020000 		.section	.debug_str,"MS",%progbits,1
 1035      02005501 
 1035      00000201 
 1035      FB0E0D00 
 1035      01010101 
 1036              	.LASF32:
 1037 0000 43795379 		.ascii	"CySysTickSetCallback\000"
 1037      73546963 
 1037      6B536574 
 1037      43616C6C 
 1037      6261636B 
 1038              	.LASF20:
 1039 0015 4755495F 		.ascii	"GUI_X_Systick_Intr\000"
 1039      585F5379 
 1039      73746963 
 1039      6B5F496E 
 1039      747200
 1040              	.LASF9:
 1041 0028 5F5F696E 		.ascii	"__int32_t\000"
 1041      7433325F 
 1041      7400
 1042              	.LASF23:
 1043 0032 4755495F 		.ascii	"GUI_X_Log\000"
 1043      585F4C6F 
 1043      6700
 1044              	.LASF6:
 1045 003c 73686F72 		.ascii	"short unsigned int\000"
 1045      7420756E 
 1045      7369676E 
 1045      65642069 
 1045      6E7400
 1046              	.LASF2:
 1047 004f 73686F72 		.ascii	"short int\000"
 1047      7420696E 
 1047      7400
 1048              	.LASF28:
 1049 0059 4755495F 		.ascii	"GUI_X_Init\000"
 1049      585F496E 
 1049      697400
 1050              	.LASF17:
 1051 0064 666C6F61 		.ascii	"float\000"
 1051      7400
 1052              	.LASF24:
 1053 006a 4755495F 		.ascii	"GUI_X_Warn\000"
 1053      585F5761 
 1053      726E00
ARM GAS  C:\Users\YongY\AppData\Local\Temp\ccWvGtHV.s 			page 23


 1054              	.LASF12:
 1055 0075 6C6F6E67 		.ascii	"long long unsigned int\000"
 1055      206C6F6E 
 1055      6720756E 
 1055      7369676E 
 1055      65642069 
 1056              	.LASF4:
 1057 008c 756E7369 		.ascii	"unsigned char\000"
 1057      676E6564 
 1057      20636861 
 1057      7200
 1058              	.LASF37:
 1059 009a 43795379 		.ascii	"CySysTickStart\000"
 1059      73546963 
 1059      6B537461 
 1059      727400
 1060              	.LASF1:
 1061 00a9 6C6F6E67 		.ascii	"long unsigned int\000"
 1061      20756E73 
 1061      69676E65 
 1061      6420696E 
 1061      7400
 1062              	.LASF15:
 1063 00bb 75696E74 		.ascii	"uint8\000"
 1063      3800
 1064              	.LASF22:
 1065 00c1 4755495F 		.ascii	"GUI_X_Delay\000"
 1065      585F4465 
 1065      6C617900 
 1066              	.LASF29:
 1067 00cd 49544D5F 		.ascii	"ITM_RxBuffer\000"
 1067      52784275 
 1067      66666572 
 1067      00
 1068              	.LASF26:
 1069 00da 4755495F 		.ascii	"GUI_X_Systick_Init\000"
 1069      585F5379 
 1069      73746963 
 1069      6B5F496E 
 1069      697400
 1070              	.LASF18:
 1071 00ed 646F7562 		.ascii	"double\000"
 1071      6C6500
 1072              	.LASF10:
 1073 00f4 5F5F7569 		.ascii	"__uint32_t\000"
 1073      6E743332 
 1073      5F7400
 1074              	.LASF16:
 1075 00ff 75696E74 		.ascii	"uint32\000"
 1075      333200
 1076              	.LASF33:
 1077 0106 474E5520 		.ascii	"GNU C 4.9.3 20150303 (release) [ARM/embedded-4_9-br"
 1077      4320342E 
 1077      392E3320 
 1077      32303135 
 1077      30333033 
 1078 0139 616E6368 		.ascii	"anch revision 221220] -mcpu=cortex-m3 -mthumb -g -O"
ARM GAS  C:\Users\YongY\AppData\Local\Temp\ccWvGtHV.s 			page 24


 1078      20726576 
 1078      6973696F 
 1078      6E203232 
 1078      31323230 
 1079 016c 67202D66 		.ascii	"g -ffunction-sections -ffat-lto-objects\000"
 1079      66756E63 
 1079      74696F6E 
 1079      2D736563 
 1079      74696F6E 
 1080              	.LASF35:
 1081 0194 433A5C55 		.ascii	"C:\\Users\\YongY\\Downloads\\TFT_Tutorial_2022\\TFT"
 1081      73657273 
 1081      5C596F6E 
 1081      67595C44 
 1081      6F776E6C 
 1082 01c2 5F776974 		.ascii	"_with_emWin\\Guitar Learner.cydsn\000"
 1082      685F656D 
 1082      57696E5C 
 1082      47756974 
 1082      6172204C 
 1083              	.LASF0:
 1084 01e3 756E7369 		.ascii	"unsigned int\000"
 1084      676E6564 
 1084      20696E74 
 1084      00
 1085              	.LASF3:
 1086 01f0 63686172 		.ascii	"char\000"
 1086      00
 1087              	.LASF25:
 1088 01f5 4755495F 		.ascii	"GUI_X_ErrorOut\000"
 1088      585F4572 
 1088      726F724F 
 1088      757400
 1089              	.LASF38:
 1090 0204 43794861 		.ascii	"CyHalt\000"
 1090      6C7400
 1091              	.LASF30:
 1092 020b 4F535F54 		.ascii	"OS_TimeMS\000"
 1092      696D654D 
 1092      5300
 1093              	.LASF13:
 1094 0215 696E7433 		.ascii	"int32_t\000"
 1094      325F7400 
 1095              	.LASF8:
 1096 021d 73697A65 		.ascii	"sizetype\000"
 1096      74797065 
 1096      00
 1097              	.LASF27:
 1098 0226 74456E64 		.ascii	"tEnd\000"
 1098      00
 1099              	.LASF11:
 1100 022b 6C6F6E67 		.ascii	"long long int\000"
 1100      206C6F6E 
 1100      6720696E 
 1100      7400
 1101              	.LASF19:
 1102 0239 63795379 		.ascii	"cySysTickCallback\000"
ARM GAS  C:\Users\YongY\AppData\Local\Temp\ccWvGtHV.s 			page 25


 1102      73546963 
 1102      6B43616C 
 1102      6C626163 
 1102      6B00
 1103              	.LASF21:
 1104 024b 4755495F 		.ascii	"GUI_X_ExecIdle\000"
 1104      585F4578 
 1104      65634964 
 1104      6C6500
 1105              	.LASF36:
 1106 025a 4755495F 		.ascii	"GUI_X_GetTime\000"
 1106      585F4765 
 1106      7454696D 
 1106      6500
 1107              	.LASF31:
 1108 0268 43795379 		.ascii	"CySysTickGetCallback\000"
 1108      73546963 
 1108      6B476574 
 1108      43616C6C 
 1108      6261636B 
 1109              	.LASF14:
 1110 027d 75696E74 		.ascii	"uint32_t\000"
 1110      33325F74 
 1110      00
 1111              	.LASF5:
 1112 0286 6C6F6E67 		.ascii	"long int\000"
 1112      20696E74 
 1112      00
 1113              	.LASF7:
 1114 028f 7369676E 		.ascii	"signed char\000"
 1114      65642063 
 1114      68617200 
 1115              	.LASF34:
 1116 029b 2E5C4755 		.ascii	".\\GUI_X.c\000"
 1116      495F582E 
 1116      6300
 1117              		.ident	"GCC: (GNU Tools for ARM Embedded Processors) 4.9.3 20150303 (release) [ARM/embedded-4_9-br
