ARM GAS  C:\Users\YongY\AppData\Local\Temp\ccjWdFDl.s 			page 1


   1              		.syntax unified
   2              		.cpu cortex-m3
   3              		.fpu softvfp
   4              		.eabi_attribute 20, 1
   5              		.eabi_attribute 21, 1
   6              		.eabi_attribute 23, 3
   7              		.eabi_attribute 24, 1
   8              		.eabi_attribute 25, 1
   9              		.eabi_attribute 26, 1
  10              		.eabi_attribute 30, 1
  11              		.eabi_attribute 34, 1
  12              		.eabi_attribute 18, 4
  13              		.thumb
  14              		.file	"LCD_Char_1_LCDPort.c"
  15              		.text
  16              	.Ltext0:
  17              		.cfi_sections	.debug_frame
  18              		.section	.text.LCD_Char_1_LCDPort_Write,"ax",%progbits
  19              		.align	2
  20              		.global	LCD_Char_1_LCDPort_Write
  21              		.thumb
  22              		.thumb_func
  23              		.type	LCD_Char_1_LCDPort_Write, %function
  24              	LCD_Char_1_LCDPort_Write:
  25              	.LFB0:
  26              		.file 1 ".\\Generated_Source\\PSoC5\\LCD_Char_1_LCDPort.c"
   1:.\Generated_Source\PSoC5/LCD_Char_1_LCDPort.c **** /*******************************************************************************
   2:.\Generated_Source\PSoC5/LCD_Char_1_LCDPort.c **** * File Name: LCD_Char_1_LCDPort.c  
   3:.\Generated_Source\PSoC5/LCD_Char_1_LCDPort.c **** * Version 2.20
   4:.\Generated_Source\PSoC5/LCD_Char_1_LCDPort.c **** *
   5:.\Generated_Source\PSoC5/LCD_Char_1_LCDPort.c **** * Description:
   6:.\Generated_Source\PSoC5/LCD_Char_1_LCDPort.c **** *  This file contains API to enable firmware control of a Pins component.
   7:.\Generated_Source\PSoC5/LCD_Char_1_LCDPort.c **** *
   8:.\Generated_Source\PSoC5/LCD_Char_1_LCDPort.c **** * Note:
   9:.\Generated_Source\PSoC5/LCD_Char_1_LCDPort.c **** *
  10:.\Generated_Source\PSoC5/LCD_Char_1_LCDPort.c **** ********************************************************************************
  11:.\Generated_Source\PSoC5/LCD_Char_1_LCDPort.c **** * Copyright 2008-2015, Cypress Semiconductor Corporation.  All rights reserved.
  12:.\Generated_Source\PSoC5/LCD_Char_1_LCDPort.c **** * You may use this file only in accordance with the license, terms, conditions, 
  13:.\Generated_Source\PSoC5/LCD_Char_1_LCDPort.c **** * disclaimers, and limitations in the end user license agreement accompanying 
  14:.\Generated_Source\PSoC5/LCD_Char_1_LCDPort.c **** * the software package with which this file was provided.
  15:.\Generated_Source\PSoC5/LCD_Char_1_LCDPort.c **** *******************************************************************************/
  16:.\Generated_Source\PSoC5/LCD_Char_1_LCDPort.c **** 
  17:.\Generated_Source\PSoC5/LCD_Char_1_LCDPort.c **** #include "cytypes.h"
  18:.\Generated_Source\PSoC5/LCD_Char_1_LCDPort.c **** #include "LCD_Char_1_LCDPort.h"
  19:.\Generated_Source\PSoC5/LCD_Char_1_LCDPort.c **** 
  20:.\Generated_Source\PSoC5/LCD_Char_1_LCDPort.c **** /* APIs are not generated for P15[7:6] on PSoC 5 */
  21:.\Generated_Source\PSoC5/LCD_Char_1_LCDPort.c **** #if !(CY_PSOC5A &&\
  22:.\Generated_Source\PSoC5/LCD_Char_1_LCDPort.c **** 	 LCD_Char_1_LCDPort__PORT == 15 && ((LCD_Char_1_LCDPort__MASK & 0xC0) != 0))
  23:.\Generated_Source\PSoC5/LCD_Char_1_LCDPort.c **** 
  24:.\Generated_Source\PSoC5/LCD_Char_1_LCDPort.c **** 
  25:.\Generated_Source\PSoC5/LCD_Char_1_LCDPort.c **** /*******************************************************************************
  26:.\Generated_Source\PSoC5/LCD_Char_1_LCDPort.c **** * Function Name: LCD_Char_1_LCDPort_Write
  27:.\Generated_Source\PSoC5/LCD_Char_1_LCDPort.c **** ****************************************************************************//**
  28:.\Generated_Source\PSoC5/LCD_Char_1_LCDPort.c **** *
  29:.\Generated_Source\PSoC5/LCD_Char_1_LCDPort.c **** * \brief Writes the value to the physical port (data output register), masking
  30:.\Generated_Source\PSoC5/LCD_Char_1_LCDPort.c **** *  and shifting the bits appropriately. 
  31:.\Generated_Source\PSoC5/LCD_Char_1_LCDPort.c **** *
ARM GAS  C:\Users\YongY\AppData\Local\Temp\ccjWdFDl.s 			page 2


  32:.\Generated_Source\PSoC5/LCD_Char_1_LCDPort.c **** * The data output register controls the signal applied to the physical pin in 
  33:.\Generated_Source\PSoC5/LCD_Char_1_LCDPort.c **** * conjunction with the drive mode parameter. This function avoids changing 
  34:.\Generated_Source\PSoC5/LCD_Char_1_LCDPort.c **** * other bits in the port by using the appropriate method (read-modify-write or
  35:.\Generated_Source\PSoC5/LCD_Char_1_LCDPort.c **** * bit banding).
  36:.\Generated_Source\PSoC5/LCD_Char_1_LCDPort.c **** *
  37:.\Generated_Source\PSoC5/LCD_Char_1_LCDPort.c **** * <b>Note</b> This function should not be used on a hardware digital output pin 
  38:.\Generated_Source\PSoC5/LCD_Char_1_LCDPort.c **** * as it is driven by the hardware signal attached to it.
  39:.\Generated_Source\PSoC5/LCD_Char_1_LCDPort.c **** *
  40:.\Generated_Source\PSoC5/LCD_Char_1_LCDPort.c **** * \param value
  41:.\Generated_Source\PSoC5/LCD_Char_1_LCDPort.c **** *  Value to write to the component instance.
  42:.\Generated_Source\PSoC5/LCD_Char_1_LCDPort.c **** *
  43:.\Generated_Source\PSoC5/LCD_Char_1_LCDPort.c **** * \return 
  44:.\Generated_Source\PSoC5/LCD_Char_1_LCDPort.c **** *  None 
  45:.\Generated_Source\PSoC5/LCD_Char_1_LCDPort.c **** *
  46:.\Generated_Source\PSoC5/LCD_Char_1_LCDPort.c **** * \sideeffect
  47:.\Generated_Source\PSoC5/LCD_Char_1_LCDPort.c **** *  If you use read-modify-write operations that are not atomic; the Interrupt 
  48:.\Generated_Source\PSoC5/LCD_Char_1_LCDPort.c **** *  Service Routines (ISR) can cause corruption of this function. An ISR that 
  49:.\Generated_Source\PSoC5/LCD_Char_1_LCDPort.c **** *  interrupts this function and performs writes to the Pins component data 
  50:.\Generated_Source\PSoC5/LCD_Char_1_LCDPort.c **** *  register can cause corrupted port data. To avoid this issue, you should 
  51:.\Generated_Source\PSoC5/LCD_Char_1_LCDPort.c **** *  either use the Per-Pin APIs (primary method) or disable interrupts around 
  52:.\Generated_Source\PSoC5/LCD_Char_1_LCDPort.c **** *  this function.
  53:.\Generated_Source\PSoC5/LCD_Char_1_LCDPort.c **** *
  54:.\Generated_Source\PSoC5/LCD_Char_1_LCDPort.c **** * \funcusage
  55:.\Generated_Source\PSoC5/LCD_Char_1_LCDPort.c **** *  \snippet LCD_Char_1_LCDPort_SUT.c usage_LCD_Char_1_LCDPort_Write
  56:.\Generated_Source\PSoC5/LCD_Char_1_LCDPort.c **** *******************************************************************************/
  57:.\Generated_Source\PSoC5/LCD_Char_1_LCDPort.c **** void LCD_Char_1_LCDPort_Write(uint8 value)
  58:.\Generated_Source\PSoC5/LCD_Char_1_LCDPort.c **** {
  27              		.loc 1 58 0
  28              		.cfi_startproc
  29              		@ args = 0, pretend = 0, frame = 0
  30              		@ frame_needed = 0, uses_anonymous_args = 0
  31              		@ link register save eliminated.
  32              	.LVL0:
  59:.\Generated_Source\PSoC5/LCD_Char_1_LCDPort.c ****     uint8 staticBits = (LCD_Char_1_LCDPort_DR & (uint8)(~LCD_Char_1_LCDPort_MASK));
  33              		.loc 1 59 0
  34 0000 044A     		ldr	r2, .L2
  35 0002 1378     		ldrb	r3, [r2]	@ zero_extendqisi2
  36 0004 03F08003 		and	r3, r3, #128
  37              	.LVL1:
  60:.\Generated_Source\PSoC5/LCD_Char_1_LCDPort.c ****     LCD_Char_1_LCDPort_DR = staticBits | ((uint8)(value << LCD_Char_1_LCDPort_SHIFT) & LCD_Char_1_L
  38              		.loc 1 60 0
  39 0008 00F07F00 		and	r0, r0, #127
  40              	.LVL2:
  41 000c 1843     		orrs	r0, r0, r3
  42 000e 1070     		strb	r0, [r2]
  43 0010 7047     		bx	lr
  44              	.L3:
  45 0012 00BF     		.align	2
  46              	.L2:
  47 0014 20510040 		.word	1073762592
  48              		.cfi_endproc
  49              	.LFE0:
  50              		.size	LCD_Char_1_LCDPort_Write, .-LCD_Char_1_LCDPort_Write
  51              		.section	.text.LCD_Char_1_LCDPort_SetDriveMode,"ax",%progbits
  52              		.align	2
  53              		.global	LCD_Char_1_LCDPort_SetDriveMode
  54              		.thumb
ARM GAS  C:\Users\YongY\AppData\Local\Temp\ccjWdFDl.s 			page 3


  55              		.thumb_func
  56              		.type	LCD_Char_1_LCDPort_SetDriveMode, %function
  57              	LCD_Char_1_LCDPort_SetDriveMode:
  58              	.LFB1:
  61:.\Generated_Source\PSoC5/LCD_Char_1_LCDPort.c **** }
  62:.\Generated_Source\PSoC5/LCD_Char_1_LCDPort.c **** 
  63:.\Generated_Source\PSoC5/LCD_Char_1_LCDPort.c **** 
  64:.\Generated_Source\PSoC5/LCD_Char_1_LCDPort.c **** /*******************************************************************************
  65:.\Generated_Source\PSoC5/LCD_Char_1_LCDPort.c **** * Function Name: LCD_Char_1_LCDPort_SetDriveMode
  66:.\Generated_Source\PSoC5/LCD_Char_1_LCDPort.c **** ****************************************************************************//**
  67:.\Generated_Source\PSoC5/LCD_Char_1_LCDPort.c **** *
  68:.\Generated_Source\PSoC5/LCD_Char_1_LCDPort.c **** * \brief Sets the drive mode for each of the Pins component's pins.
  69:.\Generated_Source\PSoC5/LCD_Char_1_LCDPort.c **** * 
  70:.\Generated_Source\PSoC5/LCD_Char_1_LCDPort.c **** * <b>Note</b> This affects all pins in the Pins component instance. Use the
  71:.\Generated_Source\PSoC5/LCD_Char_1_LCDPort.c **** * Per-Pin APIs if you wish to control individual pin's drive modes.
  72:.\Generated_Source\PSoC5/LCD_Char_1_LCDPort.c **** *
  73:.\Generated_Source\PSoC5/LCD_Char_1_LCDPort.c **** * \param mode
  74:.\Generated_Source\PSoC5/LCD_Char_1_LCDPort.c **** *  Mode for the selected signals. Valid options are documented in 
  75:.\Generated_Source\PSoC5/LCD_Char_1_LCDPort.c **** *  \ref driveMode.
  76:.\Generated_Source\PSoC5/LCD_Char_1_LCDPort.c **** *
  77:.\Generated_Source\PSoC5/LCD_Char_1_LCDPort.c **** * \return
  78:.\Generated_Source\PSoC5/LCD_Char_1_LCDPort.c **** *  None
  79:.\Generated_Source\PSoC5/LCD_Char_1_LCDPort.c **** *
  80:.\Generated_Source\PSoC5/LCD_Char_1_LCDPort.c **** * \sideeffect
  81:.\Generated_Source\PSoC5/LCD_Char_1_LCDPort.c **** *  If you use read-modify-write operations that are not atomic, the ISR can
  82:.\Generated_Source\PSoC5/LCD_Char_1_LCDPort.c **** *  cause corruption of this function. An ISR that interrupts this function 
  83:.\Generated_Source\PSoC5/LCD_Char_1_LCDPort.c **** *  and performs writes to the Pins component Drive Mode registers can cause 
  84:.\Generated_Source\PSoC5/LCD_Char_1_LCDPort.c **** *  corrupted port data. To avoid this issue, you should either use the Per-Pin
  85:.\Generated_Source\PSoC5/LCD_Char_1_LCDPort.c **** *  APIs (primary method) or disable interrupts around this function.
  86:.\Generated_Source\PSoC5/LCD_Char_1_LCDPort.c **** *
  87:.\Generated_Source\PSoC5/LCD_Char_1_LCDPort.c **** * \funcusage
  88:.\Generated_Source\PSoC5/LCD_Char_1_LCDPort.c **** *  \snippet LCD_Char_1_LCDPort_SUT.c usage_LCD_Char_1_LCDPort_SetDriveMode
  89:.\Generated_Source\PSoC5/LCD_Char_1_LCDPort.c **** *******************************************************************************/
  90:.\Generated_Source\PSoC5/LCD_Char_1_LCDPort.c **** void LCD_Char_1_LCDPort_SetDriveMode(uint8 mode)
  91:.\Generated_Source\PSoC5/LCD_Char_1_LCDPort.c **** {
  59              		.loc 1 91 0
  60              		.cfi_startproc
  61              		@ args = 0, pretend = 0, frame = 0
  62              		@ frame_needed = 0, uses_anonymous_args = 0
  63              		@ link register save eliminated.
  64              	.LVL3:
  92:.\Generated_Source\PSoC5/LCD_Char_1_LCDPort.c **** 	CyPins_SetPinDriveMode(LCD_Char_1_LCDPort_0, mode);
  65              		.loc 1 92 0
  66 0000 164A     		ldr	r2, .L5
  67 0002 1378     		ldrb	r3, [r2]	@ zero_extendqisi2
  68 0004 00F00E00 		and	r0, r0, #14
  69              	.LVL4:
  70 0008 03F0F103 		and	r3, r3, #241
  71 000c 0343     		orrs	r3, r3, r0
  72 000e 1370     		strb	r3, [r2]
  93:.\Generated_Source\PSoC5/LCD_Char_1_LCDPort.c **** 	CyPins_SetPinDriveMode(LCD_Char_1_LCDPort_1, mode);
  73              		.loc 1 93 0
  74 0010 0132     		adds	r2, r2, #1
  75 0012 1378     		ldrb	r3, [r2]	@ zero_extendqisi2
  76 0014 03F0F103 		and	r3, r3, #241
  77 0018 0343     		orrs	r3, r3, r0
  78 001a 1370     		strb	r3, [r2]
ARM GAS  C:\Users\YongY\AppData\Local\Temp\ccjWdFDl.s 			page 4


  94:.\Generated_Source\PSoC5/LCD_Char_1_LCDPort.c **** 	CyPins_SetPinDriveMode(LCD_Char_1_LCDPort_2, mode);
  79              		.loc 1 94 0
  80 001c 0132     		adds	r2, r2, #1
  81 001e 1378     		ldrb	r3, [r2]	@ zero_extendqisi2
  82 0020 03F0F103 		and	r3, r3, #241
  83 0024 0343     		orrs	r3, r3, r0
  84 0026 1370     		strb	r3, [r2]
  95:.\Generated_Source\PSoC5/LCD_Char_1_LCDPort.c **** 	CyPins_SetPinDriveMode(LCD_Char_1_LCDPort_3, mode);
  85              		.loc 1 95 0
  86 0028 0132     		adds	r2, r2, #1
  87 002a 1378     		ldrb	r3, [r2]	@ zero_extendqisi2
  88 002c 03F0F103 		and	r3, r3, #241
  89 0030 0343     		orrs	r3, r3, r0
  90 0032 1370     		strb	r3, [r2]
  96:.\Generated_Source\PSoC5/LCD_Char_1_LCDPort.c **** 	CyPins_SetPinDriveMode(LCD_Char_1_LCDPort_4, mode);
  91              		.loc 1 96 0
  92 0034 0132     		adds	r2, r2, #1
  93 0036 1378     		ldrb	r3, [r2]	@ zero_extendqisi2
  94 0038 03F0F103 		and	r3, r3, #241
  95 003c 0343     		orrs	r3, r3, r0
  96 003e 1370     		strb	r3, [r2]
  97:.\Generated_Source\PSoC5/LCD_Char_1_LCDPort.c **** 	CyPins_SetPinDriveMode(LCD_Char_1_LCDPort_5, mode);
  97              		.loc 1 97 0
  98 0040 0132     		adds	r2, r2, #1
  99 0042 1378     		ldrb	r3, [r2]	@ zero_extendqisi2
 100 0044 03F0F103 		and	r3, r3, #241
 101 0048 0343     		orrs	r3, r3, r0
 102 004a 1370     		strb	r3, [r2]
  98:.\Generated_Source\PSoC5/LCD_Char_1_LCDPort.c **** 	CyPins_SetPinDriveMode(LCD_Char_1_LCDPort_6, mode);
 103              		.loc 1 98 0
 104 004c 0132     		adds	r2, r2, #1
 105 004e 1378     		ldrb	r3, [r2]	@ zero_extendqisi2
 106 0050 03F0F103 		and	r3, r3, #241
 107 0054 1843     		orrs	r0, r0, r3
 108 0056 1070     		strb	r0, [r2]
 109 0058 7047     		bx	lr
 110              	.L6:
 111 005a 00BF     		.align	2
 112              	.L5:
 113 005c 10500040 		.word	1073762320
 114              		.cfi_endproc
 115              	.LFE1:
 116              		.size	LCD_Char_1_LCDPort_SetDriveMode, .-LCD_Char_1_LCDPort_SetDriveMode
 117              		.section	.text.LCD_Char_1_LCDPort_Read,"ax",%progbits
 118              		.align	2
 119              		.global	LCD_Char_1_LCDPort_Read
 120              		.thumb
 121              		.thumb_func
 122              		.type	LCD_Char_1_LCDPort_Read, %function
 123              	LCD_Char_1_LCDPort_Read:
 124              	.LFB2:
  99:.\Generated_Source\PSoC5/LCD_Char_1_LCDPort.c **** }
 100:.\Generated_Source\PSoC5/LCD_Char_1_LCDPort.c **** 
 101:.\Generated_Source\PSoC5/LCD_Char_1_LCDPort.c **** 
 102:.\Generated_Source\PSoC5/LCD_Char_1_LCDPort.c **** /*******************************************************************************
 103:.\Generated_Source\PSoC5/LCD_Char_1_LCDPort.c **** * Function Name: LCD_Char_1_LCDPort_Read
 104:.\Generated_Source\PSoC5/LCD_Char_1_LCDPort.c **** ****************************************************************************//**
ARM GAS  C:\Users\YongY\AppData\Local\Temp\ccjWdFDl.s 			page 5


 105:.\Generated_Source\PSoC5/LCD_Char_1_LCDPort.c **** *
 106:.\Generated_Source\PSoC5/LCD_Char_1_LCDPort.c **** * \brief Reads the associated physical port (pin status register) and masks 
 107:.\Generated_Source\PSoC5/LCD_Char_1_LCDPort.c **** *  the required bits according to the width and bit position of the component
 108:.\Generated_Source\PSoC5/LCD_Char_1_LCDPort.c **** *  instance. 
 109:.\Generated_Source\PSoC5/LCD_Char_1_LCDPort.c **** *
 110:.\Generated_Source\PSoC5/LCD_Char_1_LCDPort.c **** * The pin's status register returns the current logic level present on the 
 111:.\Generated_Source\PSoC5/LCD_Char_1_LCDPort.c **** * physical pin.
 112:.\Generated_Source\PSoC5/LCD_Char_1_LCDPort.c **** *
 113:.\Generated_Source\PSoC5/LCD_Char_1_LCDPort.c **** * \return 
 114:.\Generated_Source\PSoC5/LCD_Char_1_LCDPort.c **** *  The current value for the pins in the component as a right justified number.
 115:.\Generated_Source\PSoC5/LCD_Char_1_LCDPort.c **** *
 116:.\Generated_Source\PSoC5/LCD_Char_1_LCDPort.c **** * \funcusage
 117:.\Generated_Source\PSoC5/LCD_Char_1_LCDPort.c **** *  \snippet LCD_Char_1_LCDPort_SUT.c usage_LCD_Char_1_LCDPort_Read  
 118:.\Generated_Source\PSoC5/LCD_Char_1_LCDPort.c **** *******************************************************************************/
 119:.\Generated_Source\PSoC5/LCD_Char_1_LCDPort.c **** uint8 LCD_Char_1_LCDPort_Read(void)
 120:.\Generated_Source\PSoC5/LCD_Char_1_LCDPort.c **** {
 125              		.loc 1 120 0
 126              		.cfi_startproc
 127              		@ args = 0, pretend = 0, frame = 0
 128              		@ frame_needed = 0, uses_anonymous_args = 0
 129              		@ link register save eliminated.
 121:.\Generated_Source\PSoC5/LCD_Char_1_LCDPort.c ****     return (LCD_Char_1_LCDPort_PS & LCD_Char_1_LCDPort_MASK) >> LCD_Char_1_LCDPort_SHIFT;
 130              		.loc 1 121 0
 131 0000 024B     		ldr	r3, .L8
 132 0002 1878     		ldrb	r0, [r3]	@ zero_extendqisi2
 122:.\Generated_Source\PSoC5/LCD_Char_1_LCDPort.c **** }
 133              		.loc 1 122 0
 134 0004 00F07F00 		and	r0, r0, #127
 135 0008 7047     		bx	lr
 136              	.L9:
 137 000a 00BF     		.align	2
 138              	.L8:
 139 000c 21510040 		.word	1073762593
 140              		.cfi_endproc
 141              	.LFE2:
 142              		.size	LCD_Char_1_LCDPort_Read, .-LCD_Char_1_LCDPort_Read
 143              		.section	.text.LCD_Char_1_LCDPort_ReadDataReg,"ax",%progbits
 144              		.align	2
 145              		.global	LCD_Char_1_LCDPort_ReadDataReg
 146              		.thumb
 147              		.thumb_func
 148              		.type	LCD_Char_1_LCDPort_ReadDataReg, %function
 149              	LCD_Char_1_LCDPort_ReadDataReg:
 150              	.LFB3:
 123:.\Generated_Source\PSoC5/LCD_Char_1_LCDPort.c **** 
 124:.\Generated_Source\PSoC5/LCD_Char_1_LCDPort.c **** 
 125:.\Generated_Source\PSoC5/LCD_Char_1_LCDPort.c **** /*******************************************************************************
 126:.\Generated_Source\PSoC5/LCD_Char_1_LCDPort.c **** * Function Name: LCD_Char_1_LCDPort_ReadDataReg
 127:.\Generated_Source\PSoC5/LCD_Char_1_LCDPort.c **** ****************************************************************************//**
 128:.\Generated_Source\PSoC5/LCD_Char_1_LCDPort.c **** *
 129:.\Generated_Source\PSoC5/LCD_Char_1_LCDPort.c **** * \brief Reads the associated physical port's data output register and masks 
 130:.\Generated_Source\PSoC5/LCD_Char_1_LCDPort.c **** *  the correct bits according to the width and bit position of the component 
 131:.\Generated_Source\PSoC5/LCD_Char_1_LCDPort.c **** *  instance. 
 132:.\Generated_Source\PSoC5/LCD_Char_1_LCDPort.c **** *
 133:.\Generated_Source\PSoC5/LCD_Char_1_LCDPort.c **** * The data output register controls the signal applied to the physical pin in 
 134:.\Generated_Source\PSoC5/LCD_Char_1_LCDPort.c **** * conjunction with the drive mode parameter. This is not the same as the 
 135:.\Generated_Source\PSoC5/LCD_Char_1_LCDPort.c **** * preferred LCD_Char_1_LCDPort_Read() API because the 
ARM GAS  C:\Users\YongY\AppData\Local\Temp\ccjWdFDl.s 			page 6


 136:.\Generated_Source\PSoC5/LCD_Char_1_LCDPort.c **** * LCD_Char_1_LCDPort_ReadDataReg() reads the data register instead of the status 
 137:.\Generated_Source\PSoC5/LCD_Char_1_LCDPort.c **** * register. For output pins this is a useful function to determine the value 
 138:.\Generated_Source\PSoC5/LCD_Char_1_LCDPort.c **** * just written to the pin.
 139:.\Generated_Source\PSoC5/LCD_Char_1_LCDPort.c **** *
 140:.\Generated_Source\PSoC5/LCD_Char_1_LCDPort.c **** * \return 
 141:.\Generated_Source\PSoC5/LCD_Char_1_LCDPort.c **** *  The current value of the data register masked and shifted into a right 
 142:.\Generated_Source\PSoC5/LCD_Char_1_LCDPort.c **** *  justified number for the component instance.
 143:.\Generated_Source\PSoC5/LCD_Char_1_LCDPort.c **** *
 144:.\Generated_Source\PSoC5/LCD_Char_1_LCDPort.c **** * \funcusage
 145:.\Generated_Source\PSoC5/LCD_Char_1_LCDPort.c **** *  \snippet LCD_Char_1_LCDPort_SUT.c usage_LCD_Char_1_LCDPort_ReadDataReg 
 146:.\Generated_Source\PSoC5/LCD_Char_1_LCDPort.c **** *******************************************************************************/
 147:.\Generated_Source\PSoC5/LCD_Char_1_LCDPort.c **** uint8 LCD_Char_1_LCDPort_ReadDataReg(void)
 148:.\Generated_Source\PSoC5/LCD_Char_1_LCDPort.c **** {
 151              		.loc 1 148 0
 152              		.cfi_startproc
 153              		@ args = 0, pretend = 0, frame = 0
 154              		@ frame_needed = 0, uses_anonymous_args = 0
 155              		@ link register save eliminated.
 149:.\Generated_Source\PSoC5/LCD_Char_1_LCDPort.c ****     return (LCD_Char_1_LCDPort_DR & LCD_Char_1_LCDPort_MASK) >> LCD_Char_1_LCDPort_SHIFT;
 156              		.loc 1 149 0
 157 0000 024B     		ldr	r3, .L11
 158 0002 1878     		ldrb	r0, [r3]	@ zero_extendqisi2
 150:.\Generated_Source\PSoC5/LCD_Char_1_LCDPort.c **** }
 159              		.loc 1 150 0
 160 0004 00F07F00 		and	r0, r0, #127
 161 0008 7047     		bx	lr
 162              	.L12:
 163 000a 00BF     		.align	2
 164              	.L11:
 165 000c 20510040 		.word	1073762592
 166              		.cfi_endproc
 167              	.LFE3:
 168              		.size	LCD_Char_1_LCDPort_ReadDataReg, .-LCD_Char_1_LCDPort_ReadDataReg
 169              		.text
 170              	.Letext0:
 171              		.file 2 ".\\Generated_Source\\PSoC5\\cytypes.h"
 172              		.section	.debug_info,"",%progbits
 173              	.Ldebug_info0:
 174 0000 1A010000 		.4byte	0x11a
 175 0004 0400     		.2byte	0x4
 176 0006 00000000 		.4byte	.Ldebug_abbrev0
 177 000a 04       		.byte	0x4
 178 000b 01       		.uleb128 0x1
 179 000c A4000000 		.4byte	.LASF20
 180 0010 01       		.byte	0x1
 181 0011 6F000000 		.4byte	.LASF21
 182 0015 32010000 		.4byte	.LASF22
 183 0019 00000000 		.4byte	.Ldebug_ranges0+0
 184 001d 00000000 		.4byte	0
 185 0021 00000000 		.4byte	.Ldebug_line0
 186 0025 02       		.uleb128 0x2
 187 0026 01       		.byte	0x1
 188 0027 06       		.byte	0x6
 189 0028 26020000 		.4byte	.LASF0
 190 002c 02       		.uleb128 0x2
 191 002d 01       		.byte	0x1
 192 002e 08       		.byte	0x8
ARM GAS  C:\Users\YongY\AppData\Local\Temp\ccjWdFDl.s 			page 7


 193 002f 37000000 		.4byte	.LASF1
 194 0033 02       		.uleb128 0x2
 195 0034 02       		.byte	0x2
 196 0035 05       		.byte	0x5
 197 0036 BD010000 		.4byte	.LASF2
 198 003a 02       		.uleb128 0x2
 199 003b 02       		.byte	0x2
 200 003c 07       		.byte	0x7
 201 003d 5C000000 		.4byte	.LASF3
 202 0041 02       		.uleb128 0x2
 203 0042 04       		.byte	0x4
 204 0043 05       		.byte	0x5
 205 0044 04020000 		.4byte	.LASF4
 206 0048 02       		.uleb128 0x2
 207 0049 04       		.byte	0x4
 208 004a 07       		.byte	0x7
 209 004b 4A000000 		.4byte	.LASF5
 210 004f 02       		.uleb128 0x2
 211 0050 08       		.byte	0x8
 212 0051 05       		.byte	0x5
 213 0052 AA010000 		.4byte	.LASF6
 214 0056 02       		.uleb128 0x2
 215 0057 08       		.byte	0x8
 216 0058 07       		.byte	0x7
 217 0059 8E010000 		.4byte	.LASF7
 218 005d 03       		.uleb128 0x3
 219 005e 04       		.byte	0x4
 220 005f 05       		.byte	0x5
 221 0060 696E7400 		.ascii	"int\000"
 222 0064 02       		.uleb128 0x2
 223 0065 04       		.byte	0x4
 224 0066 07       		.byte	0x7
 225 0067 81010000 		.4byte	.LASF8
 226 006b 04       		.uleb128 0x4
 227 006c FE010000 		.4byte	.LASF12
 228 0070 02       		.byte	0x2
 229 0071 C2       		.byte	0xc2
 230 0072 2C000000 		.4byte	0x2c
 231 0076 02       		.uleb128 0x2
 232 0077 04       		.byte	0x4
 233 0078 04       		.byte	0x4
 234 0079 31000000 		.4byte	.LASF9
 235 007d 02       		.uleb128 0x2
 236 007e 08       		.byte	0x8
 237 007f 04       		.byte	0x4
 238 0080 9D000000 		.4byte	.LASF10
 239 0084 02       		.uleb128 0x2
 240 0085 01       		.byte	0x1
 241 0086 08       		.byte	0x8
 242 0087 B8010000 		.4byte	.LASF11
 243 008b 05       		.uleb128 0x5
 244 008c 45000000 		.4byte	.LASF13
 245 0090 02       		.byte	0x2
 246 0091 6C01     		.2byte	0x16c
 247 0093 97000000 		.4byte	0x97
 248 0097 06       		.uleb128 0x6
 249 0098 6B000000 		.4byte	0x6b
ARM GAS  C:\Users\YongY\AppData\Local\Temp\ccjWdFDl.s 			page 8


 250 009c 07       		.uleb128 0x7
 251 009d 0D020000 		.4byte	.LASF14
 252 00a1 01       		.byte	0x1
 253 00a2 39       		.byte	0x39
 254 00a3 00000000 		.4byte	.LFB0
 255 00a7 18000000 		.4byte	.LFE0-.LFB0
 256 00ab 01       		.uleb128 0x1
 257 00ac 9C       		.byte	0x9c
 258 00ad CE000000 		.4byte	0xce
 259 00b1 08       		.uleb128 0x8
 260 00b2 20000000 		.4byte	.LASF16
 261 00b6 01       		.byte	0x1
 262 00b7 39       		.byte	0x39
 263 00b8 6B000000 		.4byte	0x6b
 264 00bc 00000000 		.4byte	.LLST0
 265 00c0 09       		.uleb128 0x9
 266 00c1 26000000 		.4byte	.LASF23
 267 00c5 01       		.byte	0x1
 268 00c6 3B       		.byte	0x3b
 269 00c7 6B000000 		.4byte	0x6b
 270 00cb 01       		.uleb128 0x1
 271 00cc 53       		.byte	0x53
 272 00cd 00       		.byte	0
 273 00ce 07       		.uleb128 0x7
 274 00cf 00000000 		.4byte	.LASF15
 275 00d3 01       		.byte	0x1
 276 00d4 5A       		.byte	0x5a
 277 00d5 00000000 		.4byte	.LFB1
 278 00d9 60000000 		.4byte	.LFE1-.LFB1
 279 00dd 01       		.uleb128 0x1
 280 00de 9C       		.byte	0x9c
 281 00df F3000000 		.4byte	0xf3
 282 00e3 08       		.uleb128 0x8
 283 00e4 A5010000 		.4byte	.LASF17
 284 00e8 01       		.byte	0x1
 285 00e9 5A       		.byte	0x5a
 286 00ea 6B000000 		.4byte	0x6b
 287 00ee 21000000 		.4byte	.LLST1
 288 00f2 00       		.byte	0
 289 00f3 0A       		.uleb128 0xa
 290 00f4 C7010000 		.4byte	.LASF18
 291 00f8 01       		.byte	0x1
 292 00f9 77       		.byte	0x77
 293 00fa 6B000000 		.4byte	0x6b
 294 00fe 00000000 		.4byte	.LFB2
 295 0102 10000000 		.4byte	.LFE2-.LFB2
 296 0106 01       		.uleb128 0x1
 297 0107 9C       		.byte	0x9c
 298 0108 0A       		.uleb128 0xa
 299 0109 DF010000 		.4byte	.LASF19
 300 010d 01       		.byte	0x1
 301 010e 93       		.byte	0x93
 302 010f 6B000000 		.4byte	0x6b
 303 0113 00000000 		.4byte	.LFB3
 304 0117 10000000 		.4byte	.LFE3-.LFB3
 305 011b 01       		.uleb128 0x1
 306 011c 9C       		.byte	0x9c
ARM GAS  C:\Users\YongY\AppData\Local\Temp\ccjWdFDl.s 			page 9


 307 011d 00       		.byte	0
 308              		.section	.debug_abbrev,"",%progbits
 309              	.Ldebug_abbrev0:
 310 0000 01       		.uleb128 0x1
 311 0001 11       		.uleb128 0x11
 312 0002 01       		.byte	0x1
 313 0003 25       		.uleb128 0x25
 314 0004 0E       		.uleb128 0xe
 315 0005 13       		.uleb128 0x13
 316 0006 0B       		.uleb128 0xb
 317 0007 03       		.uleb128 0x3
 318 0008 0E       		.uleb128 0xe
 319 0009 1B       		.uleb128 0x1b
 320 000a 0E       		.uleb128 0xe
 321 000b 55       		.uleb128 0x55
 322 000c 17       		.uleb128 0x17
 323 000d 11       		.uleb128 0x11
 324 000e 01       		.uleb128 0x1
 325 000f 10       		.uleb128 0x10
 326 0010 17       		.uleb128 0x17
 327 0011 00       		.byte	0
 328 0012 00       		.byte	0
 329 0013 02       		.uleb128 0x2
 330 0014 24       		.uleb128 0x24
 331 0015 00       		.byte	0
 332 0016 0B       		.uleb128 0xb
 333 0017 0B       		.uleb128 0xb
 334 0018 3E       		.uleb128 0x3e
 335 0019 0B       		.uleb128 0xb
 336 001a 03       		.uleb128 0x3
 337 001b 0E       		.uleb128 0xe
 338 001c 00       		.byte	0
 339 001d 00       		.byte	0
 340 001e 03       		.uleb128 0x3
 341 001f 24       		.uleb128 0x24
 342 0020 00       		.byte	0
 343 0021 0B       		.uleb128 0xb
 344 0022 0B       		.uleb128 0xb
 345 0023 3E       		.uleb128 0x3e
 346 0024 0B       		.uleb128 0xb
 347 0025 03       		.uleb128 0x3
 348 0026 08       		.uleb128 0x8
 349 0027 00       		.byte	0
 350 0028 00       		.byte	0
 351 0029 04       		.uleb128 0x4
 352 002a 16       		.uleb128 0x16
 353 002b 00       		.byte	0
 354 002c 03       		.uleb128 0x3
 355 002d 0E       		.uleb128 0xe
 356 002e 3A       		.uleb128 0x3a
 357 002f 0B       		.uleb128 0xb
 358 0030 3B       		.uleb128 0x3b
 359 0031 0B       		.uleb128 0xb
 360 0032 49       		.uleb128 0x49
 361 0033 13       		.uleb128 0x13
 362 0034 00       		.byte	0
 363 0035 00       		.byte	0
ARM GAS  C:\Users\YongY\AppData\Local\Temp\ccjWdFDl.s 			page 10


 364 0036 05       		.uleb128 0x5
 365 0037 16       		.uleb128 0x16
 366 0038 00       		.byte	0
 367 0039 03       		.uleb128 0x3
 368 003a 0E       		.uleb128 0xe
 369 003b 3A       		.uleb128 0x3a
 370 003c 0B       		.uleb128 0xb
 371 003d 3B       		.uleb128 0x3b
 372 003e 05       		.uleb128 0x5
 373 003f 49       		.uleb128 0x49
 374 0040 13       		.uleb128 0x13
 375 0041 00       		.byte	0
 376 0042 00       		.byte	0
 377 0043 06       		.uleb128 0x6
 378 0044 35       		.uleb128 0x35
 379 0045 00       		.byte	0
 380 0046 49       		.uleb128 0x49
 381 0047 13       		.uleb128 0x13
 382 0048 00       		.byte	0
 383 0049 00       		.byte	0
 384 004a 07       		.uleb128 0x7
 385 004b 2E       		.uleb128 0x2e
 386 004c 01       		.byte	0x1
 387 004d 3F       		.uleb128 0x3f
 388 004e 19       		.uleb128 0x19
 389 004f 03       		.uleb128 0x3
 390 0050 0E       		.uleb128 0xe
 391 0051 3A       		.uleb128 0x3a
 392 0052 0B       		.uleb128 0xb
 393 0053 3B       		.uleb128 0x3b
 394 0054 0B       		.uleb128 0xb
 395 0055 27       		.uleb128 0x27
 396 0056 19       		.uleb128 0x19
 397 0057 11       		.uleb128 0x11
 398 0058 01       		.uleb128 0x1
 399 0059 12       		.uleb128 0x12
 400 005a 06       		.uleb128 0x6
 401 005b 40       		.uleb128 0x40
 402 005c 18       		.uleb128 0x18
 403 005d 9742     		.uleb128 0x2117
 404 005f 19       		.uleb128 0x19
 405 0060 01       		.uleb128 0x1
 406 0061 13       		.uleb128 0x13
 407 0062 00       		.byte	0
 408 0063 00       		.byte	0
 409 0064 08       		.uleb128 0x8
 410 0065 05       		.uleb128 0x5
 411 0066 00       		.byte	0
 412 0067 03       		.uleb128 0x3
 413 0068 0E       		.uleb128 0xe
 414 0069 3A       		.uleb128 0x3a
 415 006a 0B       		.uleb128 0xb
 416 006b 3B       		.uleb128 0x3b
 417 006c 0B       		.uleb128 0xb
 418 006d 49       		.uleb128 0x49
 419 006e 13       		.uleb128 0x13
 420 006f 02       		.uleb128 0x2
ARM GAS  C:\Users\YongY\AppData\Local\Temp\ccjWdFDl.s 			page 11


 421 0070 17       		.uleb128 0x17
 422 0071 00       		.byte	0
 423 0072 00       		.byte	0
 424 0073 09       		.uleb128 0x9
 425 0074 34       		.uleb128 0x34
 426 0075 00       		.byte	0
 427 0076 03       		.uleb128 0x3
 428 0077 0E       		.uleb128 0xe
 429 0078 3A       		.uleb128 0x3a
 430 0079 0B       		.uleb128 0xb
 431 007a 3B       		.uleb128 0x3b
 432 007b 0B       		.uleb128 0xb
 433 007c 49       		.uleb128 0x49
 434 007d 13       		.uleb128 0x13
 435 007e 02       		.uleb128 0x2
 436 007f 18       		.uleb128 0x18
 437 0080 00       		.byte	0
 438 0081 00       		.byte	0
 439 0082 0A       		.uleb128 0xa
 440 0083 2E       		.uleb128 0x2e
 441 0084 00       		.byte	0
 442 0085 3F       		.uleb128 0x3f
 443 0086 19       		.uleb128 0x19
 444 0087 03       		.uleb128 0x3
 445 0088 0E       		.uleb128 0xe
 446 0089 3A       		.uleb128 0x3a
 447 008a 0B       		.uleb128 0xb
 448 008b 3B       		.uleb128 0x3b
 449 008c 0B       		.uleb128 0xb
 450 008d 27       		.uleb128 0x27
 451 008e 19       		.uleb128 0x19
 452 008f 49       		.uleb128 0x49
 453 0090 13       		.uleb128 0x13
 454 0091 11       		.uleb128 0x11
 455 0092 01       		.uleb128 0x1
 456 0093 12       		.uleb128 0x12
 457 0094 06       		.uleb128 0x6
 458 0095 40       		.uleb128 0x40
 459 0096 18       		.uleb128 0x18
 460 0097 9742     		.uleb128 0x2117
 461 0099 19       		.uleb128 0x19
 462 009a 00       		.byte	0
 463 009b 00       		.byte	0
 464 009c 00       		.byte	0
 465              		.section	.debug_loc,"",%progbits
 466              	.Ldebug_loc0:
 467              	.LLST0:
 468 0000 00000000 		.4byte	.LVL0
 469 0004 0C000000 		.4byte	.LVL2
 470 0008 0100     		.2byte	0x1
 471 000a 50       		.byte	0x50
 472 000b 0C000000 		.4byte	.LVL2
 473 000f 18000000 		.4byte	.LFE0
 474 0013 0400     		.2byte	0x4
 475 0015 F3       		.byte	0xf3
 476 0016 01       		.uleb128 0x1
 477 0017 50       		.byte	0x50
ARM GAS  C:\Users\YongY\AppData\Local\Temp\ccjWdFDl.s 			page 12


 478 0018 9F       		.byte	0x9f
 479 0019 00000000 		.4byte	0
 480 001d 00000000 		.4byte	0
 481              	.LLST1:
 482 0021 00000000 		.4byte	.LVL3
 483 0025 08000000 		.4byte	.LVL4
 484 0029 0100     		.2byte	0x1
 485 002b 50       		.byte	0x50
 486 002c 08000000 		.4byte	.LVL4
 487 0030 60000000 		.4byte	.LFE1
 488 0034 0400     		.2byte	0x4
 489 0036 F3       		.byte	0xf3
 490 0037 01       		.uleb128 0x1
 491 0038 50       		.byte	0x50
 492 0039 9F       		.byte	0x9f
 493 003a 00000000 		.4byte	0
 494 003e 00000000 		.4byte	0
 495              		.section	.debug_aranges,"",%progbits
 496 0000 34000000 		.4byte	0x34
 497 0004 0200     		.2byte	0x2
 498 0006 00000000 		.4byte	.Ldebug_info0
 499 000a 04       		.byte	0x4
 500 000b 00       		.byte	0
 501 000c 0000     		.2byte	0
 502 000e 0000     		.2byte	0
 503 0010 00000000 		.4byte	.LFB0
 504 0014 18000000 		.4byte	.LFE0-.LFB0
 505 0018 00000000 		.4byte	.LFB1
 506 001c 60000000 		.4byte	.LFE1-.LFB1
 507 0020 00000000 		.4byte	.LFB2
 508 0024 10000000 		.4byte	.LFE2-.LFB2
 509 0028 00000000 		.4byte	.LFB3
 510 002c 10000000 		.4byte	.LFE3-.LFB3
 511 0030 00000000 		.4byte	0
 512 0034 00000000 		.4byte	0
 513              		.section	.debug_ranges,"",%progbits
 514              	.Ldebug_ranges0:
 515 0000 00000000 		.4byte	.LFB0
 516 0004 18000000 		.4byte	.LFE0
 517 0008 00000000 		.4byte	.LFB1
 518 000c 60000000 		.4byte	.LFE1
 519 0010 00000000 		.4byte	.LFB2
 520 0014 10000000 		.4byte	.LFE2
 521 0018 00000000 		.4byte	.LFB3
 522 001c 10000000 		.4byte	.LFE3
 523 0020 00000000 		.4byte	0
 524 0024 00000000 		.4byte	0
 525              		.section	.debug_line,"",%progbits
 526              	.Ldebug_line0:
 527 0000 A3000000 		.section	.debug_str,"MS",%progbits,1
 527      02005100 
 527      00000201 
 527      FB0E0D00 
 527      01010101 
 528              	.LASF15:
 529 0000 4C43445F 		.ascii	"LCD_Char_1_LCDPort_SetDriveMode\000"
 529      43686172 
ARM GAS  C:\Users\YongY\AppData\Local\Temp\ccjWdFDl.s 			page 13


 529      5F315F4C 
 529      4344506F 
 529      72745F53 
 530              	.LASF16:
 531 0020 76616C75 		.ascii	"value\000"
 531      6500
 532              	.LASF23:
 533 0026 73746174 		.ascii	"staticBits\000"
 533      69634269 
 533      747300
 534              	.LASF9:
 535 0031 666C6F61 		.ascii	"float\000"
 535      7400
 536              	.LASF1:
 537 0037 756E7369 		.ascii	"unsigned char\000"
 537      676E6564 
 537      20636861 
 537      7200
 538              	.LASF13:
 539 0045 72656738 		.ascii	"reg8\000"
 539      00
 540              	.LASF5:
 541 004a 6C6F6E67 		.ascii	"long unsigned int\000"
 541      20756E73 
 541      69676E65 
 541      6420696E 
 541      7400
 542              	.LASF3:
 543 005c 73686F72 		.ascii	"short unsigned int\000"
 543      7420756E 
 543      7369676E 
 543      65642069 
 543      6E7400
 544              	.LASF21:
 545 006f 2E5C4765 		.ascii	".\\Generated_Source\\PSoC5\\LCD_Char_1_LCDPort.c\000"
 545      6E657261 
 545      7465645F 
 545      536F7572 
 545      63655C50 
 546              	.LASF10:
 547 009d 646F7562 		.ascii	"double\000"
 547      6C6500
 548              	.LASF20:
 549 00a4 474E5520 		.ascii	"GNU C 4.9.3 20150303 (release) [ARM/embedded-4_9-br"
 549      4320342E 
 549      392E3320 
 549      32303135 
 549      30333033 
 550 00d7 616E6368 		.ascii	"anch revision 221220] -mcpu=cortex-m3 -mthumb -g -O"
 550      20726576 
 550      6973696F 
 550      6E203232 
 550      31323230 
 551 010a 67202D66 		.ascii	"g -ffunction-sections -ffat-lto-objects\000"
 551      66756E63 
 551      74696F6E 
 551      2D736563 
ARM GAS  C:\Users\YongY\AppData\Local\Temp\ccjWdFDl.s 			page 14


 551      74696F6E 
 552              	.LASF22:
 553 0132 433A5C55 		.ascii	"C:\\Users\\YongY\\Downloads\\TFT_Tutorial_2022\\TFT"
 553      73657273 
 553      5C596F6E 
 553      67595C44 
 553      6F776E6C 
 554 0160 5F776974 		.ascii	"_with_emWin\\Guitar Learner.cydsn\000"
 554      685F656D 
 554      57696E5C 
 554      47756974 
 554      6172204C 
 555              	.LASF8:
 556 0181 756E7369 		.ascii	"unsigned int\000"
 556      676E6564 
 556      20696E74 
 556      00
 557              	.LASF7:
 558 018e 6C6F6E67 		.ascii	"long long unsigned int\000"
 558      206C6F6E 
 558      6720756E 
 558      7369676E 
 558      65642069 
 559              	.LASF17:
 560 01a5 6D6F6465 		.ascii	"mode\000"
 560      00
 561              	.LASF6:
 562 01aa 6C6F6E67 		.ascii	"long long int\000"
 562      206C6F6E 
 562      6720696E 
 562      7400
 563              	.LASF11:
 564 01b8 63686172 		.ascii	"char\000"
 564      00
 565              	.LASF2:
 566 01bd 73686F72 		.ascii	"short int\000"
 566      7420696E 
 566      7400
 567              	.LASF18:
 568 01c7 4C43445F 		.ascii	"LCD_Char_1_LCDPort_Read\000"
 568      43686172 
 568      5F315F4C 
 568      4344506F 
 568      72745F52 
 569              	.LASF19:
 570 01df 4C43445F 		.ascii	"LCD_Char_1_LCDPort_ReadDataReg\000"
 570      43686172 
 570      5F315F4C 
 570      4344506F 
 570      72745F52 
 571              	.LASF12:
 572 01fe 75696E74 		.ascii	"uint8\000"
 572      3800
 573              	.LASF4:
 574 0204 6C6F6E67 		.ascii	"long int\000"
 574      20696E74 
 574      00
ARM GAS  C:\Users\YongY\AppData\Local\Temp\ccjWdFDl.s 			page 15


 575              	.LASF14:
 576 020d 4C43445F 		.ascii	"LCD_Char_1_LCDPort_Write\000"
 576      43686172 
 576      5F315F4C 
 576      4344506F 
 576      72745F57 
 577              	.LASF0:
 578 0226 7369676E 		.ascii	"signed char\000"
 578      65642063 
 578      68617200 
 579              		.ident	"GCC: (GNU Tools for ARM Embedded Processors) 4.9.3 20150303 (release) [ARM/embedded-4_9-br
